Using launch settings from backend\Properties\launchSettings.json...
Building...
info: Microsoft.EntityFrameworkCore.Database.Command[20101]
      Executed DbCommand (53ms) [Parameters=[], CommandType='Text', CommandTimeout='30']
      SELECT 1
info: Microsoft.EntityFrameworkCore.Migrations[20411]
      Acquiring an exclusive lock for migration application. See https://aka.ms/efcore-docs-migrations-lock for more information if this takes too long.
info: Microsoft.EntityFrameworkCore.Database.Command[20101]
      Executed DbCommand (48ms) [Parameters=[], CommandType='Text', CommandTimeout='30']
      DECLARE @result int;
      EXEC @result = sp_getapplock @Resource = '__EFMigrationsLock', @LockOwner = 'Session', @LockMode = 'Exclusive';
      SELECT @result
info: Microsoft.EntityFrameworkCore.Database.Command[20101]
      Executed DbCommand (2ms) [Parameters=[], CommandType='Text', CommandTimeout='30']
      IF OBJECT_ID(N'[__EFMigrationsHistory]') IS NULL
      BEGIN
          CREATE TABLE [__EFMigrationsHistory] (
              [MigrationId] nvarchar(150) NOT NULL,
              [ProductVersion] nvarchar(32) NOT NULL,
              CONSTRAINT [PK___EFMigrationsHistory] PRIMARY KEY ([MigrationId])
          );
      END;
info: Microsoft.EntityFrameworkCore.Database.Command[20101]
      Executed DbCommand (1ms) [Parameters=[], CommandType='Text', CommandTimeout='30']
      SELECT 1
info: Microsoft.EntityFrameworkCore.Database.Command[20101]
      Executed DbCommand (2ms) [Parameters=[], CommandType='Text', CommandTimeout='30']
      SELECT OBJECT_ID(N'[__EFMigrationsHistory]');
info: Microsoft.EntityFrameworkCore.Database.Command[20101]
      Executed DbCommand (4ms) [Parameters=[], CommandType='Text', CommandTimeout='30']
      SELECT [MigrationId], [ProductVersion]
      FROM [__EFMigrationsHistory]
      ORDER BY [MigrationId];
info: Microsoft.EntityFrameworkCore.Migrations[20405]
      No migrations were applied. The database is already up to date.
info: Microsoft.EntityFrameworkCore.Database.Command[20101]
      Executed DbCommand (5ms) [Parameters=[], CommandType='Text', CommandTimeout='30']
      DECLARE @result int;
      EXEC @result = sp_releaseapplock @Resource = '__EFMigrationsLock', @LockOwner = 'Session';
      SELECT @result
info: Microsoft.EntityFrameworkCore.Database.Command[20101]
      Executed DbCommand (3ms) [Parameters=[], CommandType='Text', CommandTimeout='30']
      SELECT CASE
          WHEN EXISTS (
              SELECT 1
              FROM [Roles] AS [r]) THEN CAST(1 AS bit)
          ELSE CAST(0 AS bit)
      END
info: Microsoft.EntityFrameworkCore.Database.Command[20101]
      Executed DbCommand (4ms) [Parameters=[], CommandType='Text', CommandTimeout='30']
      SELECT CASE
          WHEN EXISTS (
              SELECT 1
              FROM [Roles] AS [r]
              WHERE [r].[Name] = N'Candidate') THEN CAST(1 AS bit)
          ELSE CAST(0 AS bit)
      END
info: Microsoft.EntityFrameworkCore.Database.Command[20101]
      Executed DbCommand (4ms) [Parameters=[], CommandType='Text', CommandTimeout='30']
      SELECT CASE
          WHEN EXISTS (
              SELECT 1
              FROM [Users] AS [u]
              WHERE [u].[Email] = N'candidate@demo.com') THEN CAST(1 AS bit)
          ELSE CAST(0 AS bit)
      END
info: Microsoft.EntityFrameworkCore.Database.Command[20101]
      Executed DbCommand (3ms) [Parameters=[], CommandType='Text', CommandTimeout='30']
      SELECT CASE
          WHEN EXISTS (
              SELECT 1
              FROM [LeaveTypes] AS [l]) THEN CAST(1 AS bit)
          ELSE CAST(0 AS bit)
      END
info: Microsoft.EntityFrameworkCore.Database.Command[20101]
      Executed DbCommand (3ms) [Parameters=[], CommandType='Text', CommandTimeout='30']
      SELECT CASE
          WHEN EXISTS (
              SELECT 1
              FROM [Departments] AS [d]) THEN CAST(1 AS bit)
          ELSE CAST(0 AS bit)
      END
info: Microsoft.EntityFrameworkCore.Database.Command[20101]
      Executed DbCommand (4ms) [Parameters=[], CommandType='Text', CommandTimeout='30']
      SELECT CASE
          WHEN EXISTS (
              SELECT 1
              FROM [Employees] AS [e]) THEN CAST(1 AS bit)
          ELSE CAST(0 AS bit)
      END
info: Microsoft.EntityFrameworkCore.Database.Command[20101]
      Executed DbCommand (4ms) [Parameters=[], CommandType='Text', CommandTimeout='30']
      SELECT CASE
          WHEN EXISTS (
              SELECT 1
              FROM [LeaveBalances] AS [l]) THEN CAST(1 AS bit)
          ELSE CAST(0 AS bit)
      END
info: Microsoft.EntityFrameworkCore.Database.Command[20101]
      Executed DbCommand (3ms) [Parameters=[], CommandType='Text', CommandTimeout='30']
      SELECT CASE
          WHEN EXISTS (
              SELECT 1
              FROM [LeaveRequests] AS [l]) THEN CAST(1 AS bit)
          ELSE CAST(0 AS bit)
      END
info: Microsoft.EntityFrameworkCore.Database.Command[20101]
      Executed DbCommand (3ms) [Parameters=[], CommandType='Text', CommandTimeout='30']
      SELECT CASE
          WHEN EXISTS (
              SELECT 1
              FROM [AttendanceRecords] AS [a]) THEN CAST(1 AS bit)
          ELSE CAST(0 AS bit)
      END
info: Microsoft.EntityFrameworkCore.Database.Command[20101]
      Executed DbCommand (3ms) [Parameters=[], CommandType='Text', CommandTimeout='30']
      SELECT CASE
          WHEN EXISTS (
              SELECT 1
              FROM [ReviewCycles] AS [r]) THEN CAST(1 AS bit)
          ELSE CAST(0 AS bit)
      END
info: Microsoft.EntityFrameworkCore.Database.Command[20101]
      Executed DbCommand (3ms) [Parameters=[], CommandType='Text', CommandTimeout='30']
      SELECT CASE
          WHEN EXISTS (
              SELECT 1
              FROM [PayrollStructures] AS [p]) THEN CAST(1 AS bit)
          ELSE CAST(0 AS bit)
      END
info: Microsoft.EntityFrameworkCore.Database.Command[20101]
      Executed DbCommand (2ms) [Parameters=[], CommandType='Text', CommandTimeout='30']
      SELECT [d].[Id], [d].[CreatedAt], [d].[Description], [d].[HeadId], [d].[IsDeleted], [d].[Name]
      FROM [Departments] AS [d]
info: Microsoft.EntityFrameworkCore.Database.Command[20101]
      Executed DbCommand (3ms) [Parameters=[], CommandType='Text', CommandTimeout='30']
      SELECT CASE
          WHEN EXISTS (
              SELECT 1
              FROM [JobRequisitions] AS [j]) THEN CAST(1 AS bit)
          ELSE CAST(0 AS bit)
      END
info: Microsoft.EntityFrameworkCore.Database.Command[20101]
      Executed DbCommand (2ms) [Parameters=[], CommandType='Text', CommandTimeout='30']
      SELECT [j].[Title]
      FROM [JobRequisitions] AS [j]
info: Microsoft.EntityFrameworkCore.Database.Command[20101]
      Executed DbCommand (3ms) [Parameters=[], CommandType='Text', CommandTimeout='30']
      SELECT CASE
          WHEN EXISTS (
              SELECT 1
              FROM [CandidateProfiles] AS [c]) THEN CAST(1 AS bit)
          ELSE CAST(0 AS bit)
      END
info: Microsoft.EntityFrameworkCore.Database.Command[20101]
      Executed DbCommand (3ms) [Parameters=[], CommandType='Text', CommandTimeout='30']
      SELECT COUNT(*)
      FROM [Users] AS [u]
info: Microsoft.EntityFrameworkCore.Database.Command[20101]
      Executed DbCommand (3ms) [Parameters=[], CommandType='Text', CommandTimeout='30']
      SELECT CASE
          WHEN EXISTS (
              SELECT 1
              FROM [SocialPosts] AS [s]) THEN CAST(1 AS bit)
          ELSE CAST(0 AS bit)
      END
info: Microsoft.EntityFrameworkCore.Database.Command[20101]
      Executed DbCommand (3ms) [Parameters=[], CommandType='Text', CommandTimeout='30']
      SELECT CASE
          WHEN EXISTS (
              SELECT 1
              FROM [PromotionRequests] AS [p]) THEN CAST(1 AS bit)
          ELSE CAST(0 AS bit)
      END
info: Microsoft.EntityFrameworkCore.Database.Command[20101]
      Executed DbCommand (4ms) [Parameters=[], CommandType='Text', CommandTimeout='30']
      SELECT CASE
          WHEN EXISTS (
              SELECT 1
              FROM [TransferRequests] AS [t]) THEN CAST(1 AS bit)
          ELSE CAST(0 AS bit)
      END
info: Microsoft.EntityFrameworkCore.Database.Command[20101]
      Executed DbCommand (3ms) [Parameters=[], CommandType='Text', CommandTimeout='30']
      SELECT CASE
          WHEN EXISTS (
              SELECT 1
              FROM [Polls] AS [p]) THEN CAST(1 AS bit)
          ELSE CAST(0 AS bit)
      END
info: Microsoft.EntityFrameworkCore.Database.Command[20101]
      Executed DbCommand (3ms) [Parameters=[], CommandType='Text', CommandTimeout='30']
      SELECT CASE
          WHEN EXISTS (
              SELECT 1
              FROM [DiscussionThreads] AS [d]) THEN CAST(1 AS bit)
          ELSE CAST(0 AS bit)
      END
info: Microsoft.EntityFrameworkCore.Database.Command[20101]
      Executed DbCommand (4ms) [Parameters=[], CommandType='Text', CommandTimeout='30']
      SELECT CASE
          WHEN EXISTS (
              SELECT 1
              FROM [Skills] AS [s]) THEN CAST(1 AS bit)
          ELSE CAST(0 AS bit)
      END
info: Microsoft.EntityFrameworkCore.Database.Command[20101]
      Executed DbCommand (4ms) [Parameters=[], CommandType='Text', CommandTimeout='30']
      SELECT CASE
          WHEN EXISTS (
              SELECT 1
              FROM [Assets] AS [a]) THEN CAST(1 AS bit)
          ELSE CAST(0 AS bit)
      END
info: Microsoft.EntityFrameworkCore.Database.Command[20101]
      Executed DbCommand (3ms) [Parameters=[], CommandType='Text', CommandTimeout='30']
      SELECT CASE
          WHEN EXISTS (
              SELECT 1
              FROM [Courses] AS [c]) THEN CAST(1 AS bit)
          ELSE CAST(0 AS bit)
      END
info: Microsoft.EntityFrameworkCore.Database.Command[20101]
      Executed DbCommand (3ms) [Parameters=[], CommandType='Text', CommandTimeout='30']
      SELECT CASE
          WHEN EXISTS (
              SELECT 1
              FROM [Notifications] AS [n]) THEN CAST(1 AS bit)
          ELSE CAST(0 AS bit)
      END
info: Microsoft.EntityFrameworkCore.Database.Command[20101]
      Executed DbCommand (3ms) [Parameters=[], CommandType='Text', CommandTimeout='30']
      SELECT CASE
          WHEN EXISTS (
              SELECT 1
              FROM [Documents] AS [d]) THEN CAST(1 AS bit)
          ELSE CAST(0 AS bit)
      END
info: Microsoft.EntityFrameworkCore.Database.Command[20101]
      Executed DbCommand (3ms) [Parameters=[], CommandType='Text', CommandTimeout='30']
      SELECT CASE
          WHEN EXISTS (
              SELECT 1
              FROM [ComplianceRecords] AS [c]) THEN CAST(1 AS bit)
          ELSE CAST(0 AS bit)
      END
info: Microsoft.EntityFrameworkCore.Database.Command[20101]
      Executed DbCommand (3ms) [Parameters=[], CommandType='Text', CommandTimeout='30']
      SELECT CASE
          WHEN EXISTS (
              SELECT 1
              FROM [ExpenseReports] AS [e]) THEN CAST(1 AS bit)
          ELSE CAST(0 AS bit)
      END
info: Microsoft.EntityFrameworkCore.Database.Command[20101]
      Executed DbCommand (3ms) [Parameters=[], CommandType='Text', CommandTimeout='30']
      SELECT CASE
          WHEN EXISTS (
              SELECT 1
              FROM [FormDefinitions] AS [f]) THEN CAST(1 AS bit)
          ELSE CAST(0 AS bit)
      END
info: Microsoft.EntityFrameworkCore.Database.Command[20101]
      Executed DbCommand (4ms) [Parameters=[], CommandType='Text', CommandTimeout='30']
      SELECT CASE
          WHEN EXISTS (
              SELECT 1
              FROM [WorkflowDefinitions] AS [w]) THEN CAST(1 AS bit)
          ELSE CAST(0 AS bit)
      END
info: Microsoft.EntityFrameworkCore.Database.Command[20101]
      Executed DbCommand (3ms) [Parameters=[], CommandType='Text', CommandTimeout='30']
      SELECT CASE
          WHEN EXISTS (
              SELECT 1
              FROM [ReportDefinitions] AS [r]) THEN CAST(1 AS bit)
          ELSE CAST(0 AS bit)
      END
info: Microsoft.EntityFrameworkCore.Database.Command[20101]
      Executed DbCommand (4ms) [Parameters=[], CommandType='Text', CommandTimeout='30']
      SELECT CASE
          WHEN EXISTS (
              SELECT 1
              FROM [CustomFields] AS [c]) THEN CAST(1 AS bit)
          ELSE CAST(0 AS bit)
      END
info: Microsoft.EntityFrameworkCore.Database.Command[20101]
      Executed DbCommand (4ms) [Parameters=[], CommandType='Text', CommandTimeout='30']
      SELECT CASE
          WHEN EXISTS (
              SELECT 1
              FROM [HiringRequests] AS [h]) THEN CAST(1 AS bit)
          ELSE CAST(0 AS bit)
      END
info: Microsoft.EntityFrameworkCore.Database.Command[20101]
      Executed DbCommand (3ms) [Parameters=[], CommandType='Text', CommandTimeout='30']
      SELECT [c].[Id], [c].[CreatedAt], [c].[Email], [c].[FirstName], [c].[JobRequisitionId], [c].[LastName], [c].[MatchScore], [c].[Phone], [c].[ResumePath], [c].[ResumeText], [c].[ScreeningSummary], [c].[Source], [c].[Status], [c].[UpdatedAt], [c].[UserId]
      FROM [CandidateProfiles] AS [c]
info: Microsoft.EntityFrameworkCore.Database.Command[20101]
      Executed DbCommand (4ms) [Parameters=[], CommandType='Text', CommandTimeout='30']
      SELECT TOP(1) [e].[Id], [e].[Address], [e].[CreatedAt], [e].[DateOfBirth], [e].[DateOfJoining], [e].[DepartmentId], [e].[Email], [e].[EmergencyContactName], [e].[EmergencyContactPhone], [e].[EmployeeCode], [e].[FirstName], [e].[Gender], [e].[IsDeleted], [e].[LastName], [e].[ManagerId], [e].[Phone], [e].[Position], [e].[Status], [e].[UpdatedAt]
      FROM [Employees] AS [e]
      WHERE [e].[Email] = N'emily@hrms.com'
info: Microsoft.EntityFrameworkCore.Database.Command[20101]
      Executed DbCommand (3ms) [Parameters=[], CommandType='Text', CommandTimeout='30']
      SELECT CASE
          WHEN EXISTS (
              SELECT 1
              FROM [InterviewSchedules] AS [i]) THEN CAST(1 AS bit)
          ELSE CAST(0 AS bit)
      END
info: Microsoft.EntityFrameworkCore.Database.Command[20101]
      Executed DbCommand (4ms) [Parameters=[], CommandType='Text', CommandTimeout='30']
      SELECT CASE
          WHEN EXISTS (
              SELECT 1
              FROM [Offers] AS [o]) THEN CAST(1 AS bit)
          ELSE CAST(0 AS bit)
      END
info: Microsoft.EntityFrameworkCore.Database.Command[20101]
      Executed DbCommand (4ms) [Parameters=[], CommandType='Text', CommandTimeout='30']
      SELECT CASE
          WHEN EXISTS (
              SELECT 1
              FROM [BackgroundChecks] AS [b]) THEN CAST(1 AS bit)
          ELSE CAST(0 AS bit)
      END
info: Microsoft.EntityFrameworkCore.Database.Command[20101]
      Executed DbCommand (3ms) [Parameters=[], CommandType='Text', CommandTimeout='30']
      SELECT CASE
          WHEN EXISTS (
              SELECT 1
              FROM [OnboardingTasks] AS [o]) THEN CAST(1 AS bit)
          ELSE CAST(0 AS bit)
      END
info: Microsoft.EntityFrameworkCore.Database.Command[20101]
      Executed DbCommand (29ms) [Parameters=[@alex_Id='?' (DbType = Int32)], CommandType='Text', CommandTimeout='30']
      SELECT CASE
          WHEN EXISTS (
              SELECT 1
              FROM [BackgroundChecks] AS [b]
              WHERE [b].[CandidateId] = @alex_Id) THEN CAST(1 AS bit)
          ELSE CAST(0 AS bit)
      END
info: Microsoft.EntityFrameworkCore.Database.Command[20101]
      Executed DbCommand (3ms) [Parameters=[], CommandType='Text', CommandTimeout='30']
      SELECT CASE
          WHEN EXISTS (
              SELECT 1
              FROM [TalentPools] AS [t]) THEN CAST(1 AS bit)
          ELSE CAST(0 AS bit)
      END
info: Microsoft.EntityFrameworkCore.Database.Command[20101]
      Executed DbCommand (4ms) [Parameters=[], CommandType='Text', CommandTimeout='30']
      SELECT CASE
          WHEN EXISTS (
              SELECT 1
              FROM [ReviewScores] AS [r]) THEN CAST(1 AS bit)
          ELSE CAST(0 AS bit)
      END
info: Microsoft.EntityFrameworkCore.Database.Command[20101]
      Executed DbCommand (4ms) [Parameters=[], CommandType='Text', CommandTimeout='30']
      SELECT CASE
          WHEN EXISTS (
              SELECT 1
              FROM [DataPrivacyLogs] AS [d]) THEN CAST(1 AS bit)
          ELSE CAST(0 AS bit)
      END
info: Microsoft.EntityFrameworkCore.Database.Command[20101]
      Executed DbCommand (4ms) [Parameters=[], CommandType='Text', CommandTimeout='30']
      SELECT CASE
          WHEN EXISTS (
              SELECT 1
              FROM [SystemSettings] AS [s]) THEN CAST(1 AS bit)
          ELSE CAST(0 AS bit)
      END
info: Microsoft.EntityFrameworkCore.Database.Command[20101]
      Executed DbCommand (3ms) [Parameters=[], CommandType='Text', CommandTimeout='30']
      SELECT CASE
          WHEN EXISTS (
              SELECT 1
              FROM [CollaborationChannels] AS [c]) THEN CAST(1 AS bit)
          ELSE CAST(0 AS bit)
      END
info: Microsoft.EntityFrameworkCore.Database.Command[20101]
      Executed DbCommand (4ms) [Parameters=[], CommandType='Text', CommandTimeout='30']
      SELECT CASE
          WHEN EXISTS (
              SELECT 1
              FROM [Meetings] AS [m]) THEN CAST(1 AS bit)
          ELSE CAST(0 AS bit)
      END
info: Microsoft.EntityFrameworkCore.Database.Command[20101]
      Executed DbCommand (4ms) [Parameters=[], CommandType='Text', CommandTimeout='30']
      SELECT CASE
          WHEN EXISTS (
              SELECT 1
              FROM [WorkTasks] AS [w]) THEN CAST(1 AS bit)
          ELSE CAST(0 AS bit)
      END
info: Microsoft.EntityFrameworkCore.Database.Command[20101]
      Executed DbCommand (4ms) [Parameters=[], CommandType='Text', CommandTimeout='30']
      SELECT CASE
          WHEN EXISTS (
              SELECT 1
              FROM [Announcements] AS [a]) THEN CAST(1 AS bit)
          ELSE CAST(0 AS bit)
      END
info: Microsoft.EntityFrameworkCore.Database.Command[20101]
      Executed DbCommand (3ms) [Parameters=[], CommandType='Text', CommandTimeout='30']
      SELECT [u].[Id], [u].[CreatedAt], [u].[Email], [u].[EmployeeId], [u].[FirstName], [u].[IsActive], [u].[LastLoginAt], [u].[LastName], [u].[PasswordHash]
      FROM [Users] AS [u]
info: Microsoft.EntityFrameworkCore.Database.Command[20101]
      Executed DbCommand (5ms) [Parameters=[], CommandType='Text', CommandTimeout='30']
      SELECT CASE
          WHEN EXISTS (
              SELECT 1
              FROM [Notifications] AS [n]
              WHERE [n].[Source] = N'Meeting') THEN CAST(1 AS bit)
          ELSE CAST(0 AS bit)
      END
info: Microsoft.Hosting.Lifetime[14]
      Now listening on: http://localhost:5096
info: Microsoft.Hosting.Lifetime[0]
      Application started. Press Ctrl+C to shut down.
info: Microsoft.Hosting.Lifetime[0]
      Hosting environment: Development
info: Microsoft.Hosting.Lifetime[0]
      Content root path: E:\Projects\opencode\hrms\backend
info: Microsoft.EntityFrameworkCore.Database.Command[20101]
      Executed DbCommand (18ms) [Parameters=[@request_Email='?' (Size = 450)], CommandType='Text', CommandTimeout='30']
      SELECT [u1].[Id], [u1].[CreatedAt], [u1].[Email], [u1].[EmployeeId], [u1].[FirstName], [u1].[IsActive], [u1].[LastLoginAt], [u1].[LastName], [u1].[PasswordHash], [s].[UserId], [s].[RoleId], [s].[Id], [s].[Description], [s].[Name]
      FROM (
          SELECT TOP(1) [u].[Id], [u].[CreatedAt], [u].[Email], [u].[EmployeeId], [u].[FirstName], [u].[IsActive], [u].[LastLoginAt], [u].[LastName], [u].[PasswordHash]
          FROM [Users] AS [u]
          WHERE [u].[Email] = @request_Email
      ) AS [u1]
      LEFT JOIN (
          SELECT [u0].[UserId], [u0].[RoleId], [r].[Id], [r].[Description], [r].[Name]
          FROM [UserRoles] AS [u0]
          INNER JOIN [Roles] AS [r] ON [u0].[RoleId] = [r].[Id]
      ) AS [s] ON [u1].[Id] = [s].[UserId]
      ORDER BY [u1].[Id], [s].[UserId], [s].[RoleId]
info: Microsoft.EntityFrameworkCore.Database.Command[20101]
      Executed DbCommand (1ms) [Parameters=[@request_Email='?' (Size = 450)], CommandType='Text', CommandTimeout='30']
      SELECT [u1].[Id], [u1].[CreatedAt], [u1].[Email], [u1].[EmployeeId], [u1].[FirstName], [u1].[IsActive], [u1].[LastLoginAt], [u1].[LastName], [u1].[PasswordHash], [s].[UserId], [s].[RoleId], [s].[Id], [s].[Description], [s].[Name]
      FROM (
          SELECT TOP(1) [u].[Id], [u].[CreatedAt], [u].[Email], [u].[EmployeeId], [u].[FirstName], [u].[IsActive], [u].[LastLoginAt], [u].[LastName], [u].[PasswordHash]
          FROM [Users] AS [u]
          WHERE [u].[Email] = @request_Email
      ) AS [u1]
      LEFT JOIN (
          SELECT [u0].[UserId], [u0].[RoleId], [r].[Id], [r].[Description], [r].[Name]
          FROM [UserRoles] AS [u0]
          INNER JOIN [Roles] AS [r] ON [u0].[RoleId] = [r].[Id]
      ) AS [s] ON [u1].[Id] = [s].[UserId]
      ORDER BY [u1].[Id], [s].[UserId], [s].[RoleId]
info: Microsoft.EntityFrameworkCore.Database.Command[20101]
      Executed DbCommand (2ms) [Parameters=[@request_Email='?' (Size = 450)], CommandType='Text', CommandTimeout='30']
      SELECT [u1].[Id], [u1].[CreatedAt], [u1].[Email], [u1].[EmployeeId], [u1].[FirstName], [u1].[IsActive], [u1].[LastLoginAt], [u1].[LastName], [u1].[PasswordHash], [s].[UserId], [s].[RoleId], [s].[Id], [s].[Description], [s].[Name]
      FROM (
          SELECT TOP(1) [u].[Id], [u].[CreatedAt], [u].[Email], [u].[EmployeeId], [u].[FirstName], [u].[IsActive], [u].[LastLoginAt], [u].[LastName], [u].[PasswordHash]
          FROM [Users] AS [u]
          WHERE [u].[Email] = @request_Email
      ) AS [u1]
      LEFT JOIN (
          SELECT [u0].[UserId], [u0].[RoleId], [r].[Id], [r].[Description], [r].[Name]
          FROM [UserRoles] AS [u0]
          INNER JOIN [Roles] AS [r] ON [u0].[RoleId] = [r].[Id]
      ) AS [s] ON [u1].[Id] = [s].[UserId]
      ORDER BY [u1].[Id], [s].[UserId], [s].[RoleId]
info: Microsoft.EntityFrameworkCore.Database.Command[20101]
      Executed DbCommand (2ms) [Parameters=[@request_Email='?' (Size = 450)], CommandType='Text', CommandTimeout='30']
      SELECT [u1].[Id], [u1].[CreatedAt], [u1].[Email], [u1].[EmployeeId], [u1].[FirstName], [u1].[IsActive], [u1].[LastLoginAt], [u1].[LastName], [u1].[PasswordHash], [s].[UserId], [s].[RoleId], [s].[Id], [s].[Description], [s].[Name]
      FROM (
          SELECT TOP(1) [u].[Id], [u].[CreatedAt], [u].[Email], [u].[EmployeeId], [u].[FirstName], [u].[IsActive], [u].[LastLoginAt], [u].[LastName], [u].[PasswordHash]
          FROM [Users] AS [u]
          WHERE [u].[Email] = @request_Email
      ) AS [u1]
      LEFT JOIN (
          SELECT [u0].[UserId], [u0].[RoleId], [r].[Id], [r].[Description], [r].[Name]
          FROM [UserRoles] AS [u0]
          INNER JOIN [Roles] AS [r] ON [u0].[RoleId] = [r].[Id]
      ) AS [s] ON [u1].[Id] = [s].[UserId]
      ORDER BY [u1].[Id], [s].[UserId], [s].[RoleId]
info: Microsoft.EntityFrameworkCore.Database.Command[20101]
      Executed DbCommand (1ms) [Parameters=[@request_Email='?' (Size = 450)], CommandType='Text', CommandTimeout='30']
      SELECT [u1].[Id], [u1].[CreatedAt], [u1].[Email], [u1].[EmployeeId], [u1].[FirstName], [u1].[IsActive], [u1].[LastLoginAt], [u1].[LastName], [u1].[PasswordHash], [s].[UserId], [s].[RoleId], [s].[Id], [s].[Description], [s].[Name]
      FROM (
          SELECT TOP(1) [u].[Id], [u].[CreatedAt], [u].[Email], [u].[EmployeeId], [u].[FirstName], [u].[IsActive], [u].[LastLoginAt], [u].[LastName], [u].[PasswordHash]
          FROM [Users] AS [u]
          WHERE [u].[Email] = @request_Email
      ) AS [u1]
      LEFT JOIN (
          SELECT [u0].[UserId], [u0].[RoleId], [r].[Id], [r].[Description], [r].[Name]
          FROM [UserRoles] AS [u0]
          INNER JOIN [Roles] AS [r] ON [u0].[RoleId] = [r].[Id]
      ) AS [s] ON [u1].[Id] = [s].[UserId]
      ORDER BY [u1].[Id], [s].[UserId], [s].[RoleId]
info: Microsoft.EntityFrameworkCore.Database.Command[20101]
      Executed DbCommand (8ms) [Parameters=[@p1='?' (DbType = Int32), @p0='?' (DbType = DateTime2)], CommandType='Text', CommandTimeout='30']
      SET IMPLICIT_TRANSACTIONS OFF;
      SET NOCOUNT ON;
      UPDATE [Users] SET [LastLoginAt] = @p0
      OUTPUT 1
      WHERE [Id] = @p1;
info: Microsoft.EntityFrameworkCore.Database.Command[20101]
      Executed DbCommand (4ms) [Parameters=[], CommandType='Text', CommandTimeout='30']
      SELECT COUNT(*)
      FROM [Employees] AS [e]
      WHERE [e].[IsDeleted] = CAST(0 AS bit)
info: Microsoft.EntityFrameworkCore.Database.Command[20101]
      Executed DbCommand (6ms) [Parameters=[@p='?' (DbType = Int32), @userId='?' (DbType = Int32)], CommandType='Text', CommandTimeout='30']
      SELECT TOP(@p) [n].[Id], [n].[Category], [n].[CreatedAt], [n].[IsRead], [n].[IsStarred], [n].[Link], [n].[Message], [n].[Priority], [n].[Source], [n].[Title], [n].[Type], [n].[UserId]
      FROM [Notifications] AS [n]
      WHERE [n].[UserId] = @userId
      ORDER BY [n].[CreatedAt] DESC
info: Microsoft.EntityFrameworkCore.Database.Command[20101]
      Executed DbCommand (3ms) [Parameters=[], CommandType='Text', CommandTimeout='30']
      SELECT COUNT(*)
      FROM [LeaveRequests] AS [l]
      WHERE [l].[Status] = N'Pending'
info: Microsoft.EntityFrameworkCore.Database.Command[20101]
      Executed DbCommand (4ms) [Parameters=[@userId='?' (DbType = Int32)], CommandType='Text', CommandTimeout='30']
      SELECT COUNT(*)
      FROM [Notifications] AS [n]
      WHERE [n].[UserId] = @userId AND [n].[IsRead] = CAST(0 AS bit)
info: Microsoft.EntityFrameworkCore.Database.Command[20101]
      Executed DbCommand (4ms) [Parameters=[], CommandType='Text', CommandTimeout='30']
      SELECT [e].[Id], [e].[Address], [e].[CreatedAt], [e].[DateOfBirth], [e].[DateOfJoining], [e].[DepartmentId], [e].[Email], [e].[EmergencyContactName], [e].[EmergencyContactPhone], [e].[EmployeeCode], [e].[FirstName], [e].[Gender], [e].[IsDeleted], [e].[LastName], [e].[ManagerId], [e].[Phone], [e].[Position], [e].[Status], [e].[UpdatedAt]
      FROM [Employees] AS [e]
      WHERE [e].[IsDeleted] = CAST(0 AS bit)
info: Microsoft.EntityFrameworkCore.Database.Command[20101]
      Executed DbCommand (3ms) [Parameters=[], CommandType='Text', CommandTimeout='30']
      SELECT COUNT(*)
      FROM [JobRequisitions] AS [j]
      WHERE [j].[Status] = N'Open'
info: Microsoft.EntityFrameworkCore.Database.Command[20101]
      Executed DbCommand (6ms) [Parameters=[@todayDate='?' (DbType = DateTime2)], CommandType='Text', CommandTimeout='30']
      SELECT COUNT(*)
      FROM [AttendanceRecords] AS [a]
      WHERE [a].[Date] = @todayDate
info: Microsoft.EntityFrameworkCore.Database.Command[20101]
      Executed DbCommand (1ms) [Parameters=[@userId='?' (DbType = Int32)], CommandType='Text', CommandTimeout='30']
      SELECT COUNT(*)
      FROM [Notifications] AS [n]
      WHERE [n].[UserId] = @userId AND [n].[IsRead] = CAST(0 AS bit)
info: Microsoft.EntityFrameworkCore.Database.Command[20101]
      Executed DbCommand (1ms) [Parameters=[@p='?' (DbType = Int32), @userId='?' (DbType = Int32)], CommandType='Text', CommandTimeout='30']
      SELECT TOP(@p) [n].[Id], [n].[Category], [n].[CreatedAt], [n].[IsRead], [n].[IsStarred], [n].[Link], [n].[Message], [n].[Priority], [n].[Source], [n].[Title], [n].[Type], [n].[UserId]
      FROM [Notifications] AS [n]
      WHERE [n].[UserId] = @userId
      ORDER BY [n].[CreatedAt] DESC
info: Microsoft.EntityFrameworkCore.Database.Command[20101]
      Executed DbCommand (1ms) [Parameters=[], CommandType='Text', CommandTimeout='30']
      SELECT COUNT(*)
      FROM [Employees] AS [e]
      WHERE [e].[IsDeleted] = CAST(0 AS bit)
info: Microsoft.EntityFrameworkCore.Database.Command[20101]
      Executed DbCommand (1ms) [Parameters=[], CommandType='Text', CommandTimeout='30']
      SELECT COUNT(*)
      FROM [LeaveRequests] AS [l]
      WHERE [l].[Status] = N'Pending'
info: Microsoft.EntityFrameworkCore.Database.Command[20101]
      Executed DbCommand (1ms) [Parameters=[], CommandType='Text', CommandTimeout='30']
      SELECT COUNT(*)
      FROM [JobRequisitions] AS [j]
      WHERE [j].[Status] = N'Open'
info: Microsoft.EntityFrameworkCore.Database.Command[20101]
      Executed DbCommand (1ms) [Parameters=[@todayDate='?' (DbType = DateTime2)], CommandType='Text', CommandTimeout='30']
      SELECT COUNT(*)
      FROM [AttendanceRecords] AS [a]
      WHERE [a].[Date] = @todayDate
info: Microsoft.EntityFrameworkCore.Database.Command[20101]
      Executed DbCommand (1ms) [Parameters=[], CommandType='Text', CommandTimeout='30']
      SELECT [e].[Id], [e].[Address], [e].[CreatedAt], [e].[DateOfBirth], [e].[DateOfJoining], [e].[DepartmentId], [e].[Email], [e].[EmergencyContactName], [e].[EmergencyContactPhone], [e].[EmployeeCode], [e].[FirstName], [e].[Gender], [e].[IsDeleted], [e].[LastName], [e].[ManagerId], [e].[Phone], [e].[Position], [e].[Status], [e].[UpdatedAt]
      FROM [Employees] AS [e]
      WHERE [e].[IsDeleted] = CAST(0 AS bit)
info: Microsoft.EntityFrameworkCore.Database.Command[20101]
      Executed DbCommand (2ms) [Parameters=[@request_Email='?' (Size = 450)], CommandType='Text', CommandTimeout='30']
      SELECT [u1].[Id], [u1].[CreatedAt], [u1].[Email], [u1].[EmployeeId], [u1].[FirstName], [u1].[IsActive], [u1].[LastLoginAt], [u1].[LastName], [u1].[PasswordHash], [s].[UserId], [s].[RoleId], [s].[Id], [s].[Description], [s].[Name]
      FROM (
          SELECT TOP(1) [u].[Id], [u].[CreatedAt], [u].[Email], [u].[EmployeeId], [u].[FirstName], [u].[IsActive], [u].[LastLoginAt], [u].[LastName], [u].[PasswordHash]
          FROM [Users] AS [u]
          WHERE [u].[Email] = @request_Email
      ) AS [u1]
      LEFT JOIN (
          SELECT [u0].[UserId], [u0].[RoleId], [r].[Id], [r].[Description], [r].[Name]
          FROM [UserRoles] AS [u0]
          INNER JOIN [Roles] AS [r] ON [u0].[RoleId] = [r].[Id]
      ) AS [s] ON [u1].[Id] = [s].[UserId]
      ORDER BY [u1].[Id], [s].[UserId], [s].[RoleId]
info: Microsoft.EntityFrameworkCore.Database.Command[20101]
      Executed DbCommand (18ms) [Parameters=[@request_Email='?' (Size = 450)], CommandType='Text', CommandTimeout='30']
      SELECT [u1].[Id], [u1].[CreatedAt], [u1].[Email], [u1].[EmployeeId], [u1].[FirstName], [u1].[IsActive], [u1].[LastLoginAt], [u1].[LastName], [u1].[PasswordHash], [s].[UserId], [s].[RoleId], [s].[Id], [s].[Description], [s].[Name]
      FROM (
          SELECT TOP(1) [u].[Id], [u].[CreatedAt], [u].[Email], [u].[EmployeeId], [u].[FirstName], [u].[IsActive], [u].[LastLoginAt], [u].[LastName], [u].[PasswordHash]
          FROM [Users] AS [u]
          WHERE [u].[Email] = @request_Email
      ) AS [u1]
      LEFT JOIN (
          SELECT [u0].[UserId], [u0].[RoleId], [r].[Id], [r].[Description], [r].[Name]
          FROM [UserRoles] AS [u0]
          INNER JOIN [Roles] AS [r] ON [u0].[RoleId] = [r].[Id]
      ) AS [s] ON [u1].[Id] = [s].[UserId]
      ORDER BY [u1].[Id], [s].[UserId], [s].[RoleId]
info: Microsoft.EntityFrameworkCore.Database.Command[20101]
      Executed DbCommand (14ms) [Parameters=[@p1='?' (DbType = Int32), @p0='?' (DbType = DateTime2)], CommandType='Text', CommandTimeout='30']
      SET IMPLICIT_TRANSACTIONS OFF;
      SET NOCOUNT ON;
      UPDATE [Users] SET [LastLoginAt] = @p0
      OUTPUT 1
      WHERE [Id] = @p1;
info: Microsoft.EntityFrameworkCore.Database.Command[20101]
      Executed DbCommand (4ms) [Parameters=[], CommandType='Text', CommandTimeout='30']
      SELECT COUNT(*)
      FROM [Employees] AS [e]
      WHERE [e].[IsDeleted] = CAST(0 AS bit)
info: Microsoft.EntityFrameworkCore.Database.Command[20101]
      Executed DbCommand (3ms) [Parameters=[], CommandType='Text', CommandTimeout='30']
      SELECT COUNT(*)
      FROM [LeaveRequests] AS [l]
      WHERE [l].[Status] = N'Pending'
info: Microsoft.EntityFrameworkCore.Database.Command[20101]
      Executed DbCommand (3ms) [Parameters=[], CommandType='Text', CommandTimeout='30']
      SELECT COUNT(*)
      FROM [JobRequisitions] AS [j]
      WHERE [j].[Status] = N'Open'
info: Microsoft.EntityFrameworkCore.Database.Command[20101]
      Executed DbCommand (4ms) [Parameters=[], CommandType='Text', CommandTimeout='30']
      SELECT [e].[Id], [e].[Address], [e].[CreatedAt], [e].[DateOfBirth], [e].[DateOfJoining], [e].[DepartmentId], [e].[Email], [e].[EmergencyContactName], [e].[EmergencyContactPhone], [e].[EmployeeCode], [e].[FirstName], [e].[Gender], [e].[IsDeleted], [e].[LastName], [e].[ManagerId], [e].[Phone], [e].[Position], [e].[Status], [e].[UpdatedAt]
      FROM [Employees] AS [e]
      WHERE [e].[IsDeleted] = CAST(0 AS bit)
info: Microsoft.EntityFrameworkCore.Database.Command[20101]
      Executed DbCommand (11ms) [Parameters=[@todayDate='?' (DbType = DateTime2)], CommandType='Text', CommandTimeout='30']
      SELECT COUNT(*)
      FROM [AttendanceRecords] AS [a]
      WHERE [a].[Date] = @todayDate
info: Microsoft.EntityFrameworkCore.Database.Command[20101]
      Executed DbCommand (10ms) [Parameters=[@p='?' (DbType = Int32), @userId='?' (DbType = Int32)], CommandType='Text', CommandTimeout='30']
      SELECT TOP(@p) [n].[Id], [n].[Category], [n].[CreatedAt], [n].[IsRead], [n].[IsStarred], [n].[Link], [n].[Message], [n].[Priority], [n].[Source], [n].[Title], [n].[Type], [n].[UserId]
      FROM [Notifications] AS [n]
      WHERE [n].[UserId] = @userId
      ORDER BY [n].[CreatedAt] DESC
info: Microsoft.EntityFrameworkCore.Database.Command[20101]
      Executed DbCommand (11ms) [Parameters=[@userId='?' (DbType = Int32)], CommandType='Text', CommandTimeout='30']
      SELECT COUNT(*)
      FROM [Notifications] AS [n]
      WHERE [n].[UserId] = @userId AND [n].[IsRead] = CAST(0 AS bit)
info: Microsoft.EntityFrameworkCore.Database.Command[20101]
      Executed DbCommand (1ms) [Parameters=[], CommandType='Text', CommandTimeout='30']
      SELECT COUNT(*)
      FROM [Employees] AS [e]
      WHERE [e].[IsDeleted] = CAST(0 AS bit)
info: Microsoft.EntityFrameworkCore.Database.Command[20101]
      Executed DbCommand (2ms) [Parameters=[], CommandType='Text', CommandTimeout='30']
      SELECT COUNT(*)
      FROM [LeaveRequests] AS [l]
      WHERE [l].[Status] = N'Pending'
info: Microsoft.EntityFrameworkCore.Database.Command[20101]
      Executed DbCommand (2ms) [Parameters=[@userId='?' (DbType = Int32)], CommandType='Text', CommandTimeout='30']
      SELECT COUNT(*)
      FROM [Notifications] AS [n]
      WHERE [n].[UserId] = @userId AND [n].[IsRead] = CAST(0 AS bit)
info: Microsoft.EntityFrameworkCore.Database.Command[20101]
      Executed DbCommand (3ms) [Parameters=[@p='?' (DbType = Int32), @userId='?' (DbType = Int32)], CommandType='Text', CommandTimeout='30']
      SELECT TOP(@p) [n].[Id], [n].[Category], [n].[CreatedAt], [n].[IsRead], [n].[IsStarred], [n].[Link], [n].[Message], [n].[Priority], [n].[Source], [n].[Title], [n].[Type], [n].[UserId]
      FROM [Notifications] AS [n]
      WHERE [n].[UserId] = @userId
      ORDER BY [n].[CreatedAt] DESC
info: Microsoft.EntityFrameworkCore.Database.Command[20101]
      Executed DbCommand (2ms) [Parameters=[], CommandType='Text', CommandTimeout='30']
      SELECT COUNT(*)
      FROM [JobRequisitions] AS [j]
      WHERE [j].[Status] = N'Open'
info: Microsoft.EntityFrameworkCore.Database.Command[20101]
      Executed DbCommand (1ms) [Parameters=[@todayDate='?' (DbType = DateTime2)], CommandType='Text', CommandTimeout='30']
      SELECT COUNT(*)
      FROM [AttendanceRecords] AS [a]
      WHERE [a].[Date] = @todayDate
info: Microsoft.EntityFrameworkCore.Database.Command[20101]
      Executed DbCommand (1ms) [Parameters=[], CommandType='Text', CommandTimeout='30']
      SELECT [e].[Id], [e].[Address], [e].[CreatedAt], [e].[DateOfBirth], [e].[DateOfJoining], [e].[DepartmentId], [e].[Email], [e].[EmergencyContactName], [e].[EmergencyContactPhone], [e].[EmployeeCode], [e].[FirstName], [e].[Gender], [e].[IsDeleted], [e].[LastName], [e].[ManagerId], [e].[Phone], [e].[Position], [e].[Status], [e].[UpdatedAt]
      FROM [Employees] AS [e]
      WHERE [e].[IsDeleted] = CAST(0 AS bit)
info: Microsoft.EntityFrameworkCore.Database.Command[20101]
      Executed DbCommand (21ms) [Parameters=[@request_Email='?' (Size = 450)], CommandType='Text', CommandTimeout='30']
      SELECT [u1].[Id], [u1].[CreatedAt], [u1].[Email], [u1].[EmployeeId], [u1].[FirstName], [u1].[IsActive], [u1].[LastLoginAt], [u1].[LastName], [u1].[PasswordHash], [s].[UserId], [s].[RoleId], [s].[Id], [s].[Description], [s].[Name]
      FROM (
          SELECT TOP(1) [u].[Id], [u].[CreatedAt], [u].[Email], [u].[EmployeeId], [u].[FirstName], [u].[IsActive], [u].[LastLoginAt], [u].[LastName], [u].[PasswordHash]
          FROM [Users] AS [u]
          WHERE [u].[Email] = @request_Email
      ) AS [u1]
      LEFT JOIN (
          SELECT [u0].[UserId], [u0].[RoleId], [r].[Id], [r].[Description], [r].[Name]
          FROM [UserRoles] AS [u0]
          INNER JOIN [Roles] AS [r] ON [u0].[RoleId] = [r].[Id]
      ) AS [s] ON [u1].[Id] = [s].[UserId]
      ORDER BY [u1].[Id], [s].[UserId], [s].[RoleId]
info: Microsoft.EntityFrameworkCore.Database.Command[20101]
      Executed DbCommand (12ms) [Parameters=[], CommandType='Text', CommandTimeout='30']
      SELECT TOP(1) [s].[Value]
      FROM [SystemSettings] AS [s]
      WHERE [s].[Key] = N'CompanyName'
info: Microsoft.EntityFrameworkCore.Database.Command[20101]
      Executed DbCommand (1ms) [Parameters=[], CommandType='Text', CommandTimeout='30']
      SELECT TOP(1) [s].[Value]
      FROM [SystemSettings] AS [s]
      WHERE [s].[Key] = N'CompanyName'
info: Microsoft.EntityFrameworkCore.Database.Command[20101]
      Executed DbCommand (9ms) [Parameters=[], CommandType='Text', CommandTimeout='30']
      SELECT [j].[Id], [j].[ClosedAt], [j].[CreatedAt], [j].[DepartmentId], [j].[Description], [j].[Requirements], [j].[Status], [j].[Title], [d].[Id], [d].[CreatedAt], [d].[Description], [d].[HeadId], [d].[IsDeleted], [d].[Name]
      FROM [JobRequisitions] AS [j]
      LEFT JOIN [Departments] AS [d] ON [j].[DepartmentId] = [d].[Id]
      WHERE [j].[Status] = N'Open'
      ORDER BY [j].[CreatedAt] DESC
info: Microsoft.EntityFrameworkCore.Database.Command[20101]
      Executed DbCommand (2ms) [Parameters=[], CommandType='Text', CommandTimeout='30']
      SELECT [j].[Id], [j].[ClosedAt], [j].[CreatedAt], [j].[DepartmentId], [j].[Description], [j].[Requirements], [j].[Status], [j].[Title], [d].[Id], [d].[CreatedAt], [d].[Description], [d].[HeadId], [d].[IsDeleted], [d].[Name]
      FROM [JobRequisitions] AS [j]
      LEFT JOIN [Departments] AS [d] ON [j].[DepartmentId] = [d].[Id]
      WHERE [j].[Status] = N'Open'
      ORDER BY [j].[CreatedAt] DESC
info: Microsoft.EntityFrameworkCore.Database.Command[20101]
      Executed DbCommand (7ms) [Parameters=[@id='?' (DbType = Int32)], CommandType='Text', CommandTimeout='30']
      SELECT TOP(1) [j].[Id], [j].[ClosedAt], [j].[CreatedAt], [j].[DepartmentId], [j].[Description], [j].[Requirements], [j].[Status], [j].[Title], [d].[Id], [d].[CreatedAt], [d].[Description], [d].[HeadId], [d].[IsDeleted], [d].[Name]
      FROM [JobRequisitions] AS [j]
      LEFT JOIN [Departments] AS [d] ON [j].[DepartmentId] = [d].[Id]
      WHERE [j].[Id] = @id AND [j].[Status] = N'Open'
info: Microsoft.EntityFrameworkCore.Database.Command[20101]
      Executed DbCommand (11ms) [Parameters=[@id='?' (DbType = Int32)], CommandType='Text', CommandTimeout='30']
      SELECT TOP(1) [j].[Id], [j].[ClosedAt], [j].[CreatedAt], [j].[DepartmentId], [j].[Description], [j].[Requirements], [j].[Status], [j].[Title], [d].[Id], [d].[CreatedAt], [d].[Description], [d].[HeadId], [d].[IsDeleted], [d].[Name]
      FROM [JobRequisitions] AS [j]
      LEFT JOIN [Departments] AS [d] ON [j].[DepartmentId] = [d].[Id]
      WHERE [j].[Id] = @id AND [j].[Status] = N'Open'
info: Microsoft.EntityFrameworkCore.Database.Command[20101]
      Executed DbCommand (11ms) [Parameters=[@id='?' (DbType = Int32)], CommandType='Text', CommandTimeout='30']
      SELECT TOP(1) [j].[Id], [j].[ClosedAt], [j].[CreatedAt], [j].[DepartmentId], [j].[Description], [j].[Requirements], [j].[Status], [j].[Title], [d].[Id], [d].[CreatedAt], [d].[Description], [d].[HeadId], [d].[IsDeleted], [d].[Name]
      FROM [JobRequisitions] AS [j]
      LEFT JOIN [Departments] AS [d] ON [j].[DepartmentId] = [d].[Id]
      WHERE [j].[Id] = @id AND [j].[Status] = N'Open'
info: Microsoft.EntityFrameworkCore.Database.Command[20101]
      Executed DbCommand (12ms) [Parameters=[@id='?' (DbType = Int32)], CommandType='Text', CommandTimeout='30']
      SELECT TOP(1) [j].[Id], [j].[ClosedAt], [j].[CreatedAt], [j].[DepartmentId], [j].[Description], [j].[Requirements], [j].[Status], [j].[Title], [d].[Id], [d].[CreatedAt], [d].[Description], [d].[HeadId], [d].[IsDeleted], [d].[Name]
      FROM [JobRequisitions] AS [j]
      LEFT JOIN [Departments] AS [d] ON [j].[DepartmentId] = [d].[Id]
      WHERE [j].[Id] = @id AND [j].[Status] = N'Open'
info: Microsoft.EntityFrameworkCore.Database.Command[20101]
      Executed DbCommand (1ms) [Parameters=[@id='?' (DbType = Int32)], CommandType='Text', CommandTimeout='30']
      SELECT TOP(1) [j].[Id], [j].[ClosedAt], [j].[CreatedAt], [j].[DepartmentId], [j].[Description], [j].[Requirements], [j].[Status], [j].[Title], [d].[Id], [d].[CreatedAt], [d].[Description], [d].[HeadId], [d].[IsDeleted], [d].[Name]
      FROM [JobRequisitions] AS [j]
      LEFT JOIN [Departments] AS [d] ON [j].[DepartmentId] = [d].[Id]
      WHERE [j].[Id] = @id AND [j].[Status] = N'Open'
info: Microsoft.EntityFrameworkCore.Database.Command[20101]
      Executed DbCommand (2ms) [Parameters=[@id='?' (DbType = Int32)], CommandType='Text', CommandTimeout='30']
      SELECT TOP(1) [j].[Id], [j].[ClosedAt], [j].[CreatedAt], [j].[DepartmentId], [j].[Description], [j].[Requirements], [j].[Status], [j].[Title], [d].[Id], [d].[CreatedAt], [d].[Description], [d].[HeadId], [d].[IsDeleted], [d].[Name]
      FROM [JobRequisitions] AS [j]
      LEFT JOIN [Departments] AS [d] ON [j].[DepartmentId] = [d].[Id]
      WHERE [j].[Id] = @id AND [j].[Status] = N'Open'
info: Microsoft.EntityFrameworkCore.Database.Command[20101]
      Executed DbCommand (1ms) [Parameters=[@id='?' (DbType = Int32)], CommandType='Text', CommandTimeout='30']
      SELECT TOP(1) [j].[Id], [j].[ClosedAt], [j].[CreatedAt], [j].[DepartmentId], [j].[Description], [j].[Requirements], [j].[Status], [j].[Title], [d].[Id], [d].[CreatedAt], [d].[Description], [d].[HeadId], [d].[IsDeleted], [d].[Name]
      FROM [JobRequisitions] AS [j]
      LEFT JOIN [Departments] AS [d] ON [j].[DepartmentId] = [d].[Id]
      WHERE [j].[Id] = @id AND [j].[Status] = N'Open'
info: Microsoft.EntityFrameworkCore.Database.Command[20101]
      Executed DbCommand (2ms) [Parameters=[@id='?' (DbType = Int32)], CommandType='Text', CommandTimeout='30']
      SELECT TOP(1) [j].[Id], [j].[ClosedAt], [j].[CreatedAt], [j].[DepartmentId], [j].[Description], [j].[Requirements], [j].[Status], [j].[Title], [d].[Id], [d].[CreatedAt], [d].[Description], [d].[HeadId], [d].[IsDeleted], [d].[Name]
      FROM [JobRequisitions] AS [j]
      LEFT JOIN [Departments] AS [d] ON [j].[DepartmentId] = [d].[Id]
      WHERE [j].[Id] = @id AND [j].[Status] = N'Open'
info: Microsoft.EntityFrameworkCore.Database.Command[20101]
      Executed DbCommand (2ms) [Parameters=[@id='?' (DbType = Int32)], CommandType='Text', CommandTimeout='30']
      SELECT TOP(1) [j].[Id], [j].[ClosedAt], [j].[CreatedAt], [j].[DepartmentId], [j].[Description], [j].[Requirements], [j].[Status], [j].[Title], [d].[Id], [d].[CreatedAt], [d].[Description], [d].[HeadId], [d].[IsDeleted], [d].[Name]
      FROM [JobRequisitions] AS [j]
      LEFT JOIN [Departments] AS [d] ON [j].[DepartmentId] = [d].[Id]
      WHERE [j].[Id] = @id AND [j].[Status] = N'Open'
info: Microsoft.EntityFrameworkCore.Database.Command[20101]
      Executed DbCommand (1ms) [Parameters=[@id='?' (DbType = Int32)], CommandType='Text', CommandTimeout='30']
      SELECT TOP(1) [j].[Id], [j].[ClosedAt], [j].[CreatedAt], [j].[DepartmentId], [j].[Description], [j].[Requirements], [j].[Status], [j].[Title], [d].[Id], [d].[CreatedAt], [d].[Description], [d].[HeadId], [d].[IsDeleted], [d].[Name]
      FROM [JobRequisitions] AS [j]
      LEFT JOIN [Departments] AS [d] ON [j].[DepartmentId] = [d].[Id]
      WHERE [j].[Id] = @id AND [j].[Status] = N'Open'
info: Microsoft.EntityFrameworkCore.Database.Command[20101]
      Executed DbCommand (3ms) [Parameters=[@id='?' (DbType = Int32)], CommandType='Text', CommandTimeout='30']
      SELECT TOP(1) [j].[Id], [j].[ClosedAt], [j].[CreatedAt], [j].[DepartmentId], [j].[Description], [j].[Requirements], [j].[Status], [j].[Title], [d].[Id], [d].[CreatedAt], [d].[Description], [d].[HeadId], [d].[IsDeleted], [d].[Name]
      FROM [JobRequisitions] AS [j]
      LEFT JOIN [Departments] AS [d] ON [j].[DepartmentId] = [d].[Id]
      WHERE [j].[Id] = @id AND [j].[Status] = N'Open'
info: Microsoft.EntityFrameworkCore.Database.Command[20101]
      Executed DbCommand (2ms) [Parameters=[@id='?' (DbType = Int32)], CommandType='Text', CommandTimeout='30']
      SELECT TOP(1) [j].[Id], [j].[ClosedAt], [j].[CreatedAt], [j].[DepartmentId], [j].[Description], [j].[Requirements], [j].[Status], [j].[Title], [d].[Id], [d].[CreatedAt], [d].[Description], [d].[HeadId], [d].[IsDeleted], [d].[Name]
      FROM [JobRequisitions] AS [j]
      LEFT JOIN [Departments] AS [d] ON [j].[DepartmentId] = [d].[Id]
      WHERE [j].[Id] = @id AND [j].[Status] = N'Open'
info: Microsoft.EntityFrameworkCore.Database.Command[20101]
      Executed DbCommand (1ms) [Parameters=[@id='?' (DbType = Int32)], CommandType='Text', CommandTimeout='30']
      SELECT TOP(1) [j].[Id], [j].[ClosedAt], [j].[CreatedAt], [j].[DepartmentId], [j].[Description], [j].[Requirements], [j].[Status], [j].[Title], [d].[Id], [d].[CreatedAt], [d].[Description], [d].[HeadId], [d].[IsDeleted], [d].[Name]
      FROM [JobRequisitions] AS [j]
      LEFT JOIN [Departments] AS [d] ON [j].[DepartmentId] = [d].[Id]
      WHERE [j].[Id] = @id AND [j].[Status] = N'Open'
info: Microsoft.EntityFrameworkCore.Database.Command[20101]
      Executed DbCommand (1ms) [Parameters=[@id='?' (DbType = Int32)], CommandType='Text', CommandTimeout='30']
      SELECT TOP(1) [j].[Id], [j].[ClosedAt], [j].[CreatedAt], [j].[DepartmentId], [j].[Description], [j].[Requirements], [j].[Status], [j].[Title], [d].[Id], [d].[CreatedAt], [d].[Description], [d].[HeadId], [d].[IsDeleted], [d].[Name]
      FROM [JobRequisitions] AS [j]
      LEFT JOIN [Departments] AS [d] ON [j].[DepartmentId] = [d].[Id]
      WHERE [j].[Id] = @id AND [j].[Status] = N'Open'
info: Microsoft.EntityFrameworkCore.Database.Command[20101]
      Executed DbCommand (1ms) [Parameters=[@id='?' (DbType = Int32)], CommandType='Text', CommandTimeout='30']
      SELECT TOP(1) [j].[Id], [j].[ClosedAt], [j].[CreatedAt], [j].[DepartmentId], [j].[Description], [j].[Requirements], [j].[Status], [j].[Title], [d].[Id], [d].[CreatedAt], [d].[Description], [d].[HeadId], [d].[IsDeleted], [d].[Name]
      FROM [JobRequisitions] AS [j]
      LEFT JOIN [Departments] AS [d] ON [j].[DepartmentId] = [d].[Id]
      WHERE [j].[Id] = @id AND [j].[Status] = N'Open'
info: Microsoft.EntityFrameworkCore.Database.Command[20101]
      Executed DbCommand (1ms) [Parameters=[@id='?' (DbType = Int32)], CommandType='Text', CommandTimeout='30']
      SELECT TOP(1) [j].[Id], [j].[ClosedAt], [j].[CreatedAt], [j].[DepartmentId], [j].[Description], [j].[Requirements], [j].[Status], [j].[Title], [d].[Id], [d].[CreatedAt], [d].[Description], [d].[HeadId], [d].[IsDeleted], [d].[Name]
      FROM [JobRequisitions] AS [j]
      LEFT JOIN [Departments] AS [d] ON [j].[DepartmentId] = [d].[Id]
      WHERE [j].[Id] = @id AND [j].[Status] = N'Open'
info: Microsoft.EntityFrameworkCore.Database.Command[20101]
      Executed DbCommand (1ms) [Parameters=[], CommandType='Text', CommandTimeout='30']
      SELECT TOP(1) [s].[Value]
      FROM [SystemSettings] AS [s]
      WHERE [s].[Key] = N'CompanyName'
info: Microsoft.EntityFrameworkCore.Database.Command[20101]
      Executed DbCommand (1ms) [Parameters=[], CommandType='Text', CommandTimeout='30']
      SELECT [j].[Id], [j].[ClosedAt], [j].[CreatedAt], [j].[DepartmentId], [j].[Description], [j].[Requirements], [j].[Status], [j].[Title], [d].[Id], [d].[CreatedAt], [d].[Description], [d].[HeadId], [d].[IsDeleted], [d].[Name]
      FROM [JobRequisitions] AS [j]
      LEFT JOIN [Departments] AS [d] ON [j].[DepartmentId] = [d].[Id]
      WHERE [j].[Status] = N'Open'
      ORDER BY [j].[CreatedAt] DESC
info: Microsoft.EntityFrameworkCore.Database.Command[20101]
      Executed DbCommand (1ms) [Parameters=[], CommandType='Text', CommandTimeout='30']
      SELECT TOP(1) [s].[Value]
      FROM [SystemSettings] AS [s]
      WHERE [s].[Key] = N'CompanyName'
info: Microsoft.EntityFrameworkCore.Database.Command[20101]
      Executed DbCommand (6ms) [Parameters=[], CommandType='Text', CommandTimeout='30']
      SELECT [j].[Id], [j].[ClosedAt], [j].[CreatedAt], [j].[DepartmentId], [j].[Description], [j].[Requirements], [j].[Status], [j].[Title], [d].[Id], [d].[CreatedAt], [d].[Description], [d].[HeadId], [d].[IsDeleted], [d].[Name]
      FROM [JobRequisitions] AS [j]
      LEFT JOIN [Departments] AS [d] ON [j].[DepartmentId] = [d].[Id]
      WHERE [j].[Status] = N'Open'
      ORDER BY [j].[CreatedAt] DESC
info: Microsoft.EntityFrameworkCore.Database.Command[20101]
      Executed DbCommand (1ms) [Parameters=[@id='?' (DbType = Int32)], CommandType='Text', CommandTimeout='30']
      SELECT TOP(1) [j].[Id], [j].[ClosedAt], [j].[CreatedAt], [j].[DepartmentId], [j].[Description], [j].[Requirements], [j].[Status], [j].[Title], [d].[Id], [d].[CreatedAt], [d].[Description], [d].[HeadId], [d].[IsDeleted], [d].[Name]
      FROM [JobRequisitions] AS [j]
      LEFT JOIN [Departments] AS [d] ON [j].[DepartmentId] = [d].[Id]
      WHERE [j].[Id] = @id AND [j].[Status] = N'Open'
info: Microsoft.EntityFrameworkCore.Database.Command[20101]
      Executed DbCommand (4ms) [Parameters=[@id='?' (DbType = Int32)], CommandType='Text', CommandTimeout='30']
      SELECT TOP(1) [j].[Id], [j].[ClosedAt], [j].[CreatedAt], [j].[DepartmentId], [j].[Description], [j].[Requirements], [j].[Status], [j].[Title], [d].[Id], [d].[CreatedAt], [d].[Description], [d].[HeadId], [d].[IsDeleted], [d].[Name]
      FROM [JobRequisitions] AS [j]
      LEFT JOIN [Departments] AS [d] ON [j].[DepartmentId] = [d].[Id]
      WHERE [j].[Id] = @id AND [j].[Status] = N'Open'
info: Microsoft.EntityFrameworkCore.Database.Command[20101]
      Executed DbCommand (7ms) [Parameters=[@id='?' (DbType = Int32)], CommandType='Text', CommandTimeout='30']
      SELECT TOP(1) [j].[Id], [j].[ClosedAt], [j].[CreatedAt], [j].[DepartmentId], [j].[Description], [j].[Requirements], [j].[Status], [j].[Title], [d].[Id], [d].[CreatedAt], [d].[Description], [d].[HeadId], [d].[IsDeleted], [d].[Name]
      FROM [JobRequisitions] AS [j]
      LEFT JOIN [Departments] AS [d] ON [j].[DepartmentId] = [d].[Id]
      WHERE [j].[Id] = @id AND [j].[Status] = N'Open'
info: Microsoft.EntityFrameworkCore.Database.Command[20101]
      Executed DbCommand (3ms) [Parameters=[@id='?' (DbType = Int32)], CommandType='Text', CommandTimeout='30']
      SELECT TOP(1) [j].[Id], [j].[ClosedAt], [j].[CreatedAt], [j].[DepartmentId], [j].[Description], [j].[Requirements], [j].[Status], [j].[Title], [d].[Id], [d].[CreatedAt], [d].[Description], [d].[HeadId], [d].[IsDeleted], [d].[Name]
      FROM [JobRequisitions] AS [j]
      LEFT JOIN [Departments] AS [d] ON [j].[DepartmentId] = [d].[Id]
      WHERE [j].[Id] = @id AND [j].[Status] = N'Open'
info: Microsoft.EntityFrameworkCore.Database.Command[20101]
      Executed DbCommand (9ms) [Parameters=[@id='?' (DbType = Int32)], CommandType='Text', CommandTimeout='30']
      SELECT TOP(1) [j].[Id], [j].[ClosedAt], [j].[CreatedAt], [j].[DepartmentId], [j].[Description], [j].[Requirements], [j].[Status], [j].[Title], [d].[Id], [d].[CreatedAt], [d].[Description], [d].[HeadId], [d].[IsDeleted], [d].[Name]
      FROM [JobRequisitions] AS [j]
      LEFT JOIN [Departments] AS [d] ON [j].[DepartmentId] = [d].[Id]
      WHERE [j].[Id] = @id AND [j].[Status] = N'Open'
info: Microsoft.EntityFrameworkCore.Database.Command[20101]
      Executed DbCommand (10ms) [Parameters=[@id='?' (DbType = Int32)], CommandType='Text', CommandTimeout='30']
      SELECT TOP(1) [j].[Id], [j].[ClosedAt], [j].[CreatedAt], [j].[DepartmentId], [j].[Description], [j].[Requirements], [j].[Status], [j].[Title], [d].[Id], [d].[CreatedAt], [d].[Description], [d].[HeadId], [d].[IsDeleted], [d].[Name]
      FROM [JobRequisitions] AS [j]
      LEFT JOIN [Departments] AS [d] ON [j].[DepartmentId] = [d].[Id]
      WHERE [j].[Id] = @id AND [j].[Status] = N'Open'
info: Microsoft.EntityFrameworkCore.Database.Command[20101]
      Executed DbCommand (4ms) [Parameters=[@id='?' (DbType = Int32)], CommandType='Text', CommandTimeout='30']
      SELECT TOP(1) [j].[Id], [j].[ClosedAt], [j].[CreatedAt], [j].[DepartmentId], [j].[Description], [j].[Requirements], [j].[Status], [j].[Title], [d].[Id], [d].[CreatedAt], [d].[Description], [d].[HeadId], [d].[IsDeleted], [d].[Name]
      FROM [JobRequisitions] AS [j]
      LEFT JOIN [Departments] AS [d] ON [j].[DepartmentId] = [d].[Id]
      WHERE [j].[Id] = @id AND [j].[Status] = N'Open'
info: Microsoft.EntityFrameworkCore.Database.Command[20101]
      Executed DbCommand (6ms) [Parameters=[@id='?' (DbType = Int32)], CommandType='Text', CommandTimeout='30']
      SELECT TOP(1) [j].[Id], [j].[ClosedAt], [j].[CreatedAt], [j].[DepartmentId], [j].[Description], [j].[Requirements], [j].[Status], [j].[Title], [d].[Id], [d].[CreatedAt], [d].[Description], [d].[HeadId], [d].[IsDeleted], [d].[Name]
      FROM [JobRequisitions] AS [j]
      LEFT JOIN [Departments] AS [d] ON [j].[DepartmentId] = [d].[Id]
      WHERE [j].[Id] = @id AND [j].[Status] = N'Open'
info: Microsoft.EntityFrameworkCore.Database.Command[20101]
      Executed DbCommand (8ms) [Parameters=[@id='?' (DbType = Int32)], CommandType='Text', CommandTimeout='30']
      SELECT TOP(1) [j].[Id], [j].[ClosedAt], [j].[CreatedAt], [j].[DepartmentId], [j].[Description], [j].[Requirements], [j].[Status], [j].[Title], [d].[Id], [d].[CreatedAt], [d].[Description], [d].[HeadId], [d].[IsDeleted], [d].[Name]
      FROM [JobRequisitions] AS [j]
      LEFT JOIN [Departments] AS [d] ON [j].[DepartmentId] = [d].[Id]
      WHERE [j].[Id] = @id AND [j].[Status] = N'Open'
info: Microsoft.EntityFrameworkCore.Database.Command[20101]
      Executed DbCommand (6ms) [Parameters=[@id='?' (DbType = Int32)], CommandType='Text', CommandTimeout='30']
      SELECT TOP(1) [j].[Id], [j].[ClosedAt], [j].[CreatedAt], [j].[DepartmentId], [j].[Description], [j].[Requirements], [j].[Status], [j].[Title], [d].[Id], [d].[CreatedAt], [d].[Description], [d].[HeadId], [d].[IsDeleted], [d].[Name]
      FROM [JobRequisitions] AS [j]
      LEFT JOIN [Departments] AS [d] ON [j].[DepartmentId] = [d].[Id]
      WHERE [j].[Id] = @id AND [j].[Status] = N'Open'
info: Microsoft.EntityFrameworkCore.Database.Command[20101]
      Executed DbCommand (5ms) [Parameters=[@id='?' (DbType = Int32)], CommandType='Text', CommandTimeout='30']
      SELECT TOP(1) [j].[Id], [j].[ClosedAt], [j].[CreatedAt], [j].[DepartmentId], [j].[Description], [j].[Requirements], [j].[Status], [j].[Title], [d].[Id], [d].[CreatedAt], [d].[Description], [d].[HeadId], [d].[IsDeleted], [d].[Name]
      FROM [JobRequisitions] AS [j]
      LEFT JOIN [Departments] AS [d] ON [j].[DepartmentId] = [d].[Id]
      WHERE [j].[Id] = @id AND [j].[Status] = N'Open'
info: Microsoft.EntityFrameworkCore.Database.Command[20101]
      Executed DbCommand (5ms) [Parameters=[@id='?' (DbType = Int32)], CommandType='Text', CommandTimeout='30']
      SELECT TOP(1) [j].[Id], [j].[ClosedAt], [j].[CreatedAt], [j].[DepartmentId], [j].[Description], [j].[Requirements], [j].[Status], [j].[Title], [d].[Id], [d].[CreatedAt], [d].[Description], [d].[HeadId], [d].[IsDeleted], [d].[Name]
      FROM [JobRequisitions] AS [j]
      LEFT JOIN [Departments] AS [d] ON [j].[DepartmentId] = [d].[Id]
      WHERE [j].[Id] = @id AND [j].[Status] = N'Open'
info: Microsoft.EntityFrameworkCore.Database.Command[20101]
      Executed DbCommand (6ms) [Parameters=[@id='?' (DbType = Int32)], CommandType='Text', CommandTimeout='30']
      SELECT TOP(1) [j].[Id], [j].[ClosedAt], [j].[CreatedAt], [j].[DepartmentId], [j].[Description], [j].[Requirements], [j].[Status], [j].[Title], [d].[Id], [d].[CreatedAt], [d].[Description], [d].[HeadId], [d].[IsDeleted], [d].[Name]
      FROM [JobRequisitions] AS [j]
      LEFT JOIN [Departments] AS [d] ON [j].[DepartmentId] = [d].[Id]
      WHERE [j].[Id] = @id AND [j].[Status] = N'Open'
info: Microsoft.EntityFrameworkCore.Database.Command[20101]
      Executed DbCommand (5ms) [Parameters=[@id='?' (DbType = Int32)], CommandType='Text', CommandTimeout='30']
      SELECT TOP(1) [j].[Id], [j].[ClosedAt], [j].[CreatedAt], [j].[DepartmentId], [j].[Description], [j].[Requirements], [j].[Status], [j].[Title], [d].[Id], [d].[CreatedAt], [d].[Description], [d].[HeadId], [d].[IsDeleted], [d].[Name]
      FROM [JobRequisitions] AS [j]
      LEFT JOIN [Departments] AS [d] ON [j].[DepartmentId] = [d].[Id]
      WHERE [j].[Id] = @id AND [j].[Status] = N'Open'
info: Microsoft.EntityFrameworkCore.Database.Command[20101]
      Executed DbCommand (8ms) [Parameters=[@id='?' (DbType = Int32)], CommandType='Text', CommandTimeout='30']
      SELECT TOP(1) [j].[Id], [j].[ClosedAt], [j].[CreatedAt], [j].[DepartmentId], [j].[Description], [j].[Requirements], [j].[Status], [j].[Title], [d].[Id], [d].[CreatedAt], [d].[Description], [d].[HeadId], [d].[IsDeleted], [d].[Name]
      FROM [JobRequisitions] AS [j]
      LEFT JOIN [Departments] AS [d] ON [j].[DepartmentId] = [d].[Id]
      WHERE [j].[Id] = @id AND [j].[Status] = N'Open'
info: Microsoft.EntityFrameworkCore.Database.Command[20101]
      Executed DbCommand (2ms) [Parameters=[@id='?' (DbType = Int32)], CommandType='Text', CommandTimeout='30']
      SELECT TOP(1) [j].[Id], [j].[ClosedAt], [j].[CreatedAt], [j].[DepartmentId], [j].[Description], [j].[Requirements], [j].[Status], [j].[Title], [d].[Id], [d].[CreatedAt], [d].[Description], [d].[HeadId], [d].[IsDeleted], [d].[Name]
      FROM [JobRequisitions] AS [j]
      LEFT JOIN [Departments] AS [d] ON [j].[DepartmentId] = [d].[Id]
      WHERE [j].[Id] = @id AND [j].[Status] = N'Open'
info: Microsoft.EntityFrameworkCore.Database.Command[20101]
      Executed DbCommand (12ms) [Parameters=[@id='?' (DbType = Int32)], CommandType='Text', CommandTimeout='30']
      SELECT TOP(1) [j].[Id], [j].[ClosedAt], [j].[CreatedAt], [j].[DepartmentId], [j].[Description], [j].[Requirements], [j].[Status], [j].[Title], [d].[Id], [d].[CreatedAt], [d].[Description], [d].[HeadId], [d].[IsDeleted], [d].[Name]
      FROM [JobRequisitions] AS [j]
      LEFT JOIN [Departments] AS [d] ON [j].[DepartmentId] = [d].[Id]
      WHERE [j].[Id] = @id AND [j].[Status] = N'Open'
info: Microsoft.EntityFrameworkCore.Database.Command[20101]
      Executed DbCommand (7ms) [Parameters=[], CommandType='Text', CommandTimeout='30']
      SELECT TOP(1) [s].[Value]
      FROM [SystemSettings] AS [s]
      WHERE [s].[Key] = N'CompanyName'
info: Microsoft.EntityFrameworkCore.Database.Command[20101]
      Executed DbCommand (7ms) [Parameters=[], CommandType='Text', CommandTimeout='30']
      SELECT TOP(1) [s].[Value]
      FROM [SystemSettings] AS [s]
      WHERE [s].[Key] = N'CompanyName'
info: Microsoft.EntityFrameworkCore.Database.Command[20101]
      Executed DbCommand (13ms) [Parameters=[], CommandType='Text', CommandTimeout='30']
      SELECT [j].[Id], [j].[ClosedAt], [j].[CreatedAt], [j].[DepartmentId], [j].[Description], [j].[Requirements], [j].[Status], [j].[Title], [d].[Id], [d].[CreatedAt], [d].[Description], [d].[HeadId], [d].[IsDeleted], [d].[Name]
      FROM [JobRequisitions] AS [j]
      LEFT JOIN [Departments] AS [d] ON [j].[DepartmentId] = [d].[Id]
      WHERE [j].[Status] = N'Open'
      ORDER BY [j].[CreatedAt] DESC
info: Microsoft.EntityFrameworkCore.Database.Command[20101]
      Executed DbCommand (14ms) [Parameters=[], CommandType='Text', CommandTimeout='30']
      SELECT [j].[Id], [j].[ClosedAt], [j].[CreatedAt], [j].[DepartmentId], [j].[Description], [j].[Requirements], [j].[Status], [j].[Title], [d].[Id], [d].[CreatedAt], [d].[Description], [d].[HeadId], [d].[IsDeleted], [d].[Name]
      FROM [JobRequisitions] AS [j]
      LEFT JOIN [Departments] AS [d] ON [j].[DepartmentId] = [d].[Id]
      WHERE [j].[Status] = N'Open'
      ORDER BY [j].[CreatedAt] DESC
info: Microsoft.EntityFrameworkCore.Database.Command[20101]
      Executed DbCommand (12ms) [Parameters=[@id='?' (DbType = Int32)], CommandType='Text', CommandTimeout='30']
      SELECT TOP(1) [j].[Id], [j].[ClosedAt], [j].[CreatedAt], [j].[DepartmentId], [j].[Description], [j].[Requirements], [j].[Status], [j].[Title], [d].[Id], [d].[CreatedAt], [d].[Description], [d].[HeadId], [d].[IsDeleted], [d].[Name]
      FROM [JobRequisitions] AS [j]
      LEFT JOIN [Departments] AS [d] ON [j].[DepartmentId] = [d].[Id]
      WHERE [j].[Id] = @id AND [j].[Status] = N'Open'
info: Microsoft.EntityFrameworkCore.Database.Command[20101]
      Executed DbCommand (19ms) [Parameters=[@id='?' (DbType = Int32)], CommandType='Text', CommandTimeout='30']
      SELECT TOP(1) [j].[Id], [j].[ClosedAt], [j].[CreatedAt], [j].[DepartmentId], [j].[Description], [j].[Requirements], [j].[Status], [j].[Title], [d].[Id], [d].[CreatedAt], [d].[Description], [d].[HeadId], [d].[IsDeleted], [d].[Name]
      FROM [JobRequisitions] AS [j]
      LEFT JOIN [Departments] AS [d] ON [j].[DepartmentId] = [d].[Id]
      WHERE [j].[Id] = @id AND [j].[Status] = N'Open'
info: Microsoft.EntityFrameworkCore.Database.Command[20101]
      Executed DbCommand (23ms) [Parameters=[@id='?' (DbType = Int32)], CommandType='Text', CommandTimeout='30']
      SELECT TOP(1) [j].[Id], [j].[ClosedAt], [j].[CreatedAt], [j].[DepartmentId], [j].[Description], [j].[Requirements], [j].[Status], [j].[Title], [d].[Id], [d].[CreatedAt], [d].[Description], [d].[HeadId], [d].[IsDeleted], [d].[Name]
      FROM [JobRequisitions] AS [j]
      LEFT JOIN [Departments] AS [d] ON [j].[DepartmentId] = [d].[Id]
      WHERE [j].[Id] = @id AND [j].[Status] = N'Open'
info: Microsoft.EntityFrameworkCore.Database.Command[20101]
      Executed DbCommand (27ms) [Parameters=[@id='?' (DbType = Int32)], CommandType='Text', CommandTimeout='30']
      SELECT TOP(1) [j].[Id], [j].[ClosedAt], [j].[CreatedAt], [j].[DepartmentId], [j].[Description], [j].[Requirements], [j].[Status], [j].[Title], [d].[Id], [d].[CreatedAt], [d].[Description], [d].[HeadId], [d].[IsDeleted], [d].[Name]
      FROM [JobRequisitions] AS [j]
      LEFT JOIN [Departments] AS [d] ON [j].[DepartmentId] = [d].[Id]
      WHERE [j].[Id] = @id AND [j].[Status] = N'Open'
info: Microsoft.EntityFrameworkCore.Database.Command[20101]
      Executed DbCommand (11ms) [Parameters=[@id='?' (DbType = Int32)], CommandType='Text', CommandTimeout='30']
      SELECT TOP(1) [j].[Id], [j].[ClosedAt], [j].[CreatedAt], [j].[DepartmentId], [j].[Description], [j].[Requirements], [j].[Status], [j].[Title], [d].[Id], [d].[CreatedAt], [d].[Description], [d].[HeadId], [d].[IsDeleted], [d].[Name]
      FROM [JobRequisitions] AS [j]
      LEFT JOIN [Departments] AS [d] ON [j].[DepartmentId] = [d].[Id]
      WHERE [j].[Id] = @id AND [j].[Status] = N'Open'
info: Microsoft.EntityFrameworkCore.Database.Command[20101]
      Executed DbCommand (14ms) [Parameters=[@id='?' (DbType = Int32)], CommandType='Text', CommandTimeout='30']
      SELECT TOP(1) [j].[Id], [j].[ClosedAt], [j].[CreatedAt], [j].[DepartmentId], [j].[Description], [j].[Requirements], [j].[Status], [j].[Title], [d].[Id], [d].[CreatedAt], [d].[Description], [d].[HeadId], [d].[IsDeleted], [d].[Name]
      FROM [JobRequisitions] AS [j]
      LEFT JOIN [Departments] AS [d] ON [j].[DepartmentId] = [d].[Id]
      WHERE [j].[Id] = @id AND [j].[Status] = N'Open'
info: Microsoft.EntityFrameworkCore.Database.Command[20101]
      Executed DbCommand (20ms) [Parameters=[@id='?' (DbType = Int32)], CommandType='Text', CommandTimeout='30']
      SELECT TOP(1) [j].[Id], [j].[ClosedAt], [j].[CreatedAt], [j].[DepartmentId], [j].[Description], [j].[Requirements], [j].[Status], [j].[Title], [d].[Id], [d].[CreatedAt], [d].[Description], [d].[HeadId], [d].[IsDeleted], [d].[Name]
      FROM [JobRequisitions] AS [j]
      LEFT JOIN [Departments] AS [d] ON [j].[DepartmentId] = [d].[Id]
      WHERE [j].[Id] = @id AND [j].[Status] = N'Open'
info: Microsoft.EntityFrameworkCore.Database.Command[20101]
      Executed DbCommand (11ms) [Parameters=[@id='?' (DbType = Int32)], CommandType='Text', CommandTimeout='30']
      SELECT TOP(1) [j].[Id], [j].[ClosedAt], [j].[CreatedAt], [j].[DepartmentId], [j].[Description], [j].[Requirements], [j].[Status], [j].[Title], [d].[Id], [d].[CreatedAt], [d].[Description], [d].[HeadId], [d].[IsDeleted], [d].[Name]
      FROM [JobRequisitions] AS [j]
      LEFT JOIN [Departments] AS [d] ON [j].[DepartmentId] = [d].[Id]
      WHERE [j].[Id] = @id AND [j].[Status] = N'Open'
info: Microsoft.EntityFrameworkCore.Database.Command[20101]
      Executed DbCommand (9ms) [Parameters=[@id='?' (DbType = Int32)], CommandType='Text', CommandTimeout='30']
      SELECT TOP(1) [j].[Id], [j].[ClosedAt], [j].[CreatedAt], [j].[DepartmentId], [j].[Description], [j].[Requirements], [j].[Status], [j].[Title], [d].[Id], [d].[CreatedAt], [d].[Description], [d].[HeadId], [d].[IsDeleted], [d].[Name]
      FROM [JobRequisitions] AS [j]
      LEFT JOIN [Departments] AS [d] ON [j].[DepartmentId] = [d].[Id]
      WHERE [j].[Id] = @id AND [j].[Status] = N'Open'
info: Microsoft.EntityFrameworkCore.Database.Command[20101]
      Executed DbCommand (63ms) [Parameters=[@id='?' (DbType = Int32)], CommandType='Text', CommandTimeout='30']
      SELECT TOP(1) [j].[Id], [j].[ClosedAt], [j].[CreatedAt], [j].[DepartmentId], [j].[Description], [j].[Requirements], [j].[Status], [j].[Title], [d].[Id], [d].[CreatedAt], [d].[Description], [d].[HeadId], [d].[IsDeleted], [d].[Name]
      FROM [JobRequisitions] AS [j]
      LEFT JOIN [Departments] AS [d] ON [j].[DepartmentId] = [d].[Id]
      WHERE [j].[Id] = @id AND [j].[Status] = N'Open'
info: Microsoft.EntityFrameworkCore.Database.Command[20101]
      Executed DbCommand (17ms) [Parameters=[@id='?' (DbType = Int32)], CommandType='Text', CommandTimeout='30']
      SELECT TOP(1) [j].[Id], [j].[ClosedAt], [j].[CreatedAt], [j].[DepartmentId], [j].[Description], [j].[Requirements], [j].[Status], [j].[Title], [d].[Id], [d].[CreatedAt], [d].[Description], [d].[HeadId], [d].[IsDeleted], [d].[Name]
      FROM [JobRequisitions] AS [j]
      LEFT JOIN [Departments] AS [d] ON [j].[DepartmentId] = [d].[Id]
      WHERE [j].[Id] = @id AND [j].[Status] = N'Open'
info: Microsoft.EntityFrameworkCore.Database.Command[20101]
      Executed DbCommand (7ms) [Parameters=[@id='?' (DbType = Int32)], CommandType='Text', CommandTimeout='30']
      SELECT TOP(1) [j].[Id], [j].[ClosedAt], [j].[CreatedAt], [j].[DepartmentId], [j].[Description], [j].[Requirements], [j].[Status], [j].[Title], [d].[Id], [d].[CreatedAt], [d].[Description], [d].[HeadId], [d].[IsDeleted], [d].[Name]
      FROM [JobRequisitions] AS [j]
      LEFT JOIN [Departments] AS [d] ON [j].[DepartmentId] = [d].[Id]
      WHERE [j].[Id] = @id AND [j].[Status] = N'Open'
info: Microsoft.EntityFrameworkCore.Database.Command[20101]
      Executed DbCommand (8ms) [Parameters=[@id='?' (DbType = Int32)], CommandType='Text', CommandTimeout='30']
      SELECT TOP(1) [j].[Id], [j].[ClosedAt], [j].[CreatedAt], [j].[DepartmentId], [j].[Description], [j].[Requirements], [j].[Status], [j].[Title], [d].[Id], [d].[CreatedAt], [d].[Description], [d].[HeadId], [d].[IsDeleted], [d].[Name]
      FROM [JobRequisitions] AS [j]
      LEFT JOIN [Departments] AS [d] ON [j].[DepartmentId] = [d].[Id]
      WHERE [j].[Id] = @id AND [j].[Status] = N'Open'
info: Microsoft.EntityFrameworkCore.Database.Command[20101]
      Executed DbCommand (5ms) [Parameters=[@id='?' (DbType = Int32)], CommandType='Text', CommandTimeout='30']
      SELECT TOP(1) [j].[Id], [j].[ClosedAt], [j].[CreatedAt], [j].[DepartmentId], [j].[Description], [j].[Requirements], [j].[Status], [j].[Title], [d].[Id], [d].[CreatedAt], [d].[Description], [d].[HeadId], [d].[IsDeleted], [d].[Name]
      FROM [JobRequisitions] AS [j]
      LEFT JOIN [Departments] AS [d] ON [j].[DepartmentId] = [d].[Id]
      WHERE [j].[Id] = @id AND [j].[Status] = N'Open'
info: Microsoft.EntityFrameworkCore.Database.Command[20101]
      Executed DbCommand (6ms) [Parameters=[@id='?' (DbType = Int32)], CommandType='Text', CommandTimeout='30']
      SELECT TOP(1) [j].[Id], [j].[ClosedAt], [j].[CreatedAt], [j].[DepartmentId], [j].[Description], [j].[Requirements], [j].[Status], [j].[Title], [d].[Id], [d].[CreatedAt], [d].[Description], [d].[HeadId], [d].[IsDeleted], [d].[Name]
      FROM [JobRequisitions] AS [j]
      LEFT JOIN [Departments] AS [d] ON [j].[DepartmentId] = [d].[Id]
      WHERE [j].[Id] = @id AND [j].[Status] = N'Open'
info: Microsoft.EntityFrameworkCore.Database.Command[20101]
      Executed DbCommand (3ms) [Parameters=[@id='?' (DbType = Int32)], CommandType='Text', CommandTimeout='30']
      SELECT TOP(1) [j].[Id], [j].[ClosedAt], [j].[CreatedAt], [j].[DepartmentId], [j].[Description], [j].[Requirements], [j].[Status], [j].[Title], [d].[Id], [d].[CreatedAt], [d].[Description], [d].[HeadId], [d].[IsDeleted], [d].[Name]
      FROM [JobRequisitions] AS [j]
      LEFT JOIN [Departments] AS [d] ON [j].[DepartmentId] = [d].[Id]
      WHERE [j].[Id] = @id AND [j].[Status] = N'Open'
info: Microsoft.EntityFrameworkCore.Database.Command[20101]
      Executed DbCommand (1ms) [Parameters=[@id='?' (DbType = Int32)], CommandType='Text', CommandTimeout='30']
      SELECT TOP(1) [j].[Id], [j].[ClosedAt], [j].[CreatedAt], [j].[DepartmentId], [j].[Description], [j].[Requirements], [j].[Status], [j].[Title], [d].[Id], [d].[CreatedAt], [d].[Description], [d].[HeadId], [d].[IsDeleted], [d].[Name]
      FROM [JobRequisitions] AS [j]
      LEFT JOIN [Departments] AS [d] ON [j].[DepartmentId] = [d].[Id]
      WHERE [j].[Id] = @id AND [j].[Status] = N'Open'
info: Microsoft.EntityFrameworkCore.Database.Command[20101]
      Executed DbCommand (8ms) [Parameters=[], CommandType='Text', CommandTimeout='30']
      SELECT TOP(1) [s].[Value]
      FROM [SystemSettings] AS [s]
      WHERE [s].[Key] = N'CompanyName'
info: Microsoft.EntityFrameworkCore.Database.Command[20101]
      Executed DbCommand (4ms) [Parameters=[], CommandType='Text', CommandTimeout='30']
      SELECT TOP(1) [s].[Value]
      FROM [SystemSettings] AS [s]
      WHERE [s].[Key] = N'CompanyName'
info: Microsoft.EntityFrameworkCore.Database.Command[20101]
      Executed DbCommand (12ms) [Parameters=[], CommandType='Text', CommandTimeout='30']
      SELECT [j].[Id], [j].[ClosedAt], [j].[CreatedAt], [j].[DepartmentId], [j].[Description], [j].[Requirements], [j].[Status], [j].[Title], [d].[Id], [d].[CreatedAt], [d].[Description], [d].[HeadId], [d].[IsDeleted], [d].[Name]
      FROM [JobRequisitions] AS [j]
      LEFT JOIN [Departments] AS [d] ON [j].[DepartmentId] = [d].[Id]
      WHERE [j].[Status] = N'Open'
      ORDER BY [j].[CreatedAt] DESC
info: Microsoft.EntityFrameworkCore.Database.Command[20101]
      Executed DbCommand (11ms) [Parameters=[], CommandType='Text', CommandTimeout='30']
      SELECT [j].[Id], [j].[ClosedAt], [j].[CreatedAt], [j].[DepartmentId], [j].[Description], [j].[Requirements], [j].[Status], [j].[Title], [d].[Id], [d].[CreatedAt], [d].[Description], [d].[HeadId], [d].[IsDeleted], [d].[Name]
      FROM [JobRequisitions] AS [j]
      LEFT JOIN [Departments] AS [d] ON [j].[DepartmentId] = [d].[Id]
      WHERE [j].[Status] = N'Open'
      ORDER BY [j].[CreatedAt] DESC
info: Microsoft.EntityFrameworkCore.Database.Command[20101]
      Executed DbCommand (9ms) [Parameters=[@id='?' (DbType = Int32)], CommandType='Text', CommandTimeout='30']
      SELECT TOP(1) [j].[Id], [j].[ClosedAt], [j].[CreatedAt], [j].[DepartmentId], [j].[Description], [j].[Requirements], [j].[Status], [j].[Title], [d].[Id], [d].[CreatedAt], [d].[Description], [d].[HeadId], [d].[IsDeleted], [d].[Name]
      FROM [JobRequisitions] AS [j]
      LEFT JOIN [Departments] AS [d] ON [j].[DepartmentId] = [d].[Id]
      WHERE [j].[Id] = @id AND [j].[Status] = N'Open'
info: Microsoft.EntityFrameworkCore.Database.Command[20101]
      Executed DbCommand (23ms) [Parameters=[@id='?' (DbType = Int32)], CommandType='Text', CommandTimeout='30']
      SELECT TOP(1) [j].[Id], [j].[ClosedAt], [j].[CreatedAt], [j].[DepartmentId], [j].[Description], [j].[Requirements], [j].[Status], [j].[Title], [d].[Id], [d].[CreatedAt], [d].[Description], [d].[HeadId], [d].[IsDeleted], [d].[Name]
      FROM [JobRequisitions] AS [j]
      LEFT JOIN [Departments] AS [d] ON [j].[DepartmentId] = [d].[Id]
      WHERE [j].[Id] = @id AND [j].[Status] = N'Open'
info: Microsoft.EntityFrameworkCore.Database.Command[20101]
      Executed DbCommand (22ms) [Parameters=[@id='?' (DbType = Int32)], CommandType='Text', CommandTimeout='30']
      SELECT TOP(1) [j].[Id], [j].[ClosedAt], [j].[CreatedAt], [j].[DepartmentId], [j].[Description], [j].[Requirements], [j].[Status], [j].[Title], [d].[Id], [d].[CreatedAt], [d].[Description], [d].[HeadId], [d].[IsDeleted], [d].[Name]
      FROM [JobRequisitions] AS [j]
      LEFT JOIN [Departments] AS [d] ON [j].[DepartmentId] = [d].[Id]
      WHERE [j].[Id] = @id AND [j].[Status] = N'Open'
info: Microsoft.EntityFrameworkCore.Database.Command[20101]
      Executed DbCommand (22ms) [Parameters=[@id='?' (DbType = Int32)], CommandType='Text', CommandTimeout='30']
      SELECT TOP(1) [j].[Id], [j].[ClosedAt], [j].[CreatedAt], [j].[DepartmentId], [j].[Description], [j].[Requirements], [j].[Status], [j].[Title], [d].[Id], [d].[CreatedAt], [d].[Description], [d].[HeadId], [d].[IsDeleted], [d].[Name]
      FROM [JobRequisitions] AS [j]
      LEFT JOIN [Departments] AS [d] ON [j].[DepartmentId] = [d].[Id]
      WHERE [j].[Id] = @id AND [j].[Status] = N'Open'
info: Microsoft.EntityFrameworkCore.Database.Command[20101]
      Executed DbCommand (29ms) [Parameters=[@id='?' (DbType = Int32)], CommandType='Text', CommandTimeout='30']
      SELECT TOP(1) [j].[Id], [j].[ClosedAt], [j].[CreatedAt], [j].[DepartmentId], [j].[Description], [j].[Requirements], [j].[Status], [j].[Title], [d].[Id], [d].[CreatedAt], [d].[Description], [d].[HeadId], [d].[IsDeleted], [d].[Name]
      FROM [JobRequisitions] AS [j]
      LEFT JOIN [Departments] AS [d] ON [j].[DepartmentId] = [d].[Id]
      WHERE [j].[Id] = @id AND [j].[Status] = N'Open'
info: Microsoft.EntityFrameworkCore.Database.Command[20101]
      Executed DbCommand (11ms) [Parameters=[@id='?' (DbType = Int32)], CommandType='Text', CommandTimeout='30']
      SELECT TOP(1) [j].[Id], [j].[ClosedAt], [j].[CreatedAt], [j].[DepartmentId], [j].[Description], [j].[Requirements], [j].[Status], [j].[Title], [d].[Id], [d].[CreatedAt], [d].[Description], [d].[HeadId], [d].[IsDeleted], [d].[Name]
      FROM [JobRequisitions] AS [j]
      LEFT JOIN [Departments] AS [d] ON [j].[DepartmentId] = [d].[Id]
      WHERE [j].[Id] = @id AND [j].[Status] = N'Open'
info: Microsoft.EntityFrameworkCore.Database.Command[20101]
      Executed DbCommand (6ms) [Parameters=[@id='?' (DbType = Int32)], CommandType='Text', CommandTimeout='30']
      SELECT TOP(1) [j].[Id], [j].[ClosedAt], [j].[CreatedAt], [j].[DepartmentId], [j].[Description], [j].[Requirements], [j].[Status], [j].[Title], [d].[Id], [d].[CreatedAt], [d].[Description], [d].[HeadId], [d].[IsDeleted], [d].[Name]
      FROM [JobRequisitions] AS [j]
      LEFT JOIN [Departments] AS [d] ON [j].[DepartmentId] = [d].[Id]
      WHERE [j].[Id] = @id AND [j].[Status] = N'Open'
info: Microsoft.EntityFrameworkCore.Database.Command[20101]
      Executed DbCommand (4ms) [Parameters=[@id='?' (DbType = Int32)], CommandType='Text', CommandTimeout='30']
      SELECT TOP(1) [j].[Id], [j].[ClosedAt], [j].[CreatedAt], [j].[DepartmentId], [j].[Description], [j].[Requirements], [j].[Status], [j].[Title], [d].[Id], [d].[CreatedAt], [d].[Description], [d].[HeadId], [d].[IsDeleted], [d].[Name]
      FROM [JobRequisitions] AS [j]
      LEFT JOIN [Departments] AS [d] ON [j].[DepartmentId] = [d].[Id]
      WHERE [j].[Id] = @id AND [j].[Status] = N'Open'
info: Microsoft.EntityFrameworkCore.Database.Command[20101]
      Executed DbCommand (9ms) [Parameters=[@id='?' (DbType = Int32)], CommandType='Text', CommandTimeout='30']
      SELECT TOP(1) [j].[Id], [j].[ClosedAt], [j].[CreatedAt], [j].[DepartmentId], [j].[Description], [j].[Requirements], [j].[Status], [j].[Title], [d].[Id], [d].[CreatedAt], [d].[Description], [d].[HeadId], [d].[IsDeleted], [d].[Name]
      FROM [JobRequisitions] AS [j]
      LEFT JOIN [Departments] AS [d] ON [j].[DepartmentId] = [d].[Id]
      WHERE [j].[Id] = @id AND [j].[Status] = N'Open'
info: Microsoft.EntityFrameworkCore.Database.Command[20101]
      Executed DbCommand (10ms) [Parameters=[@id='?' (DbType = Int32)], CommandType='Text', CommandTimeout='30']
      SELECT TOP(1) [j].[Id], [j].[ClosedAt], [j].[CreatedAt], [j].[DepartmentId], [j].[Description], [j].[Requirements], [j].[Status], [j].[Title], [d].[Id], [d].[CreatedAt], [d].[Description], [d].[HeadId], [d].[IsDeleted], [d].[Name]
      FROM [JobRequisitions] AS [j]
      LEFT JOIN [Departments] AS [d] ON [j].[DepartmentId] = [d].[Id]
      WHERE [j].[Id] = @id AND [j].[Status] = N'Open'
info: Microsoft.EntityFrameworkCore.Database.Command[20101]
      Executed DbCommand (8ms) [Parameters=[@id='?' (DbType = Int32)], CommandType='Text', CommandTimeout='30']
      SELECT TOP(1) [j].[Id], [j].[ClosedAt], [j].[CreatedAt], [j].[DepartmentId], [j].[Description], [j].[Requirements], [j].[Status], [j].[Title], [d].[Id], [d].[CreatedAt], [d].[Description], [d].[HeadId], [d].[IsDeleted], [d].[Name]
      FROM [JobRequisitions] AS [j]
      LEFT JOIN [Departments] AS [d] ON [j].[DepartmentId] = [d].[Id]
      WHERE [j].[Id] = @id AND [j].[Status] = N'Open'
info: Microsoft.EntityFrameworkCore.Database.Command[20101]
      Executed DbCommand (7ms) [Parameters=[@id='?' (DbType = Int32)], CommandType='Text', CommandTimeout='30']
      SELECT TOP(1) [j].[Id], [j].[ClosedAt], [j].[CreatedAt], [j].[DepartmentId], [j].[Description], [j].[Requirements], [j].[Status], [j].[Title], [d].[Id], [d].[CreatedAt], [d].[Description], [d].[HeadId], [d].[IsDeleted], [d].[Name]
      FROM [JobRequisitions] AS [j]
      LEFT JOIN [Departments] AS [d] ON [j].[DepartmentId] = [d].[Id]
      WHERE [j].[Id] = @id AND [j].[Status] = N'Open'
info: Microsoft.EntityFrameworkCore.Database.Command[20101]
      Executed DbCommand (7ms) [Parameters=[@id='?' (DbType = Int32)], CommandType='Text', CommandTimeout='30']
      SELECT TOP(1) [j].[Id], [j].[ClosedAt], [j].[CreatedAt], [j].[DepartmentId], [j].[Description], [j].[Requirements], [j].[Status], [j].[Title], [d].[Id], [d].[CreatedAt], [d].[Description], [d].[HeadId], [d].[IsDeleted], [d].[Name]
      FROM [JobRequisitions] AS [j]
      LEFT JOIN [Departments] AS [d] ON [j].[DepartmentId] = [d].[Id]
      WHERE [j].[Id] = @id AND [j].[Status] = N'Open'
info: Microsoft.EntityFrameworkCore.Database.Command[20101]
      Executed DbCommand (6ms) [Parameters=[@id='?' (DbType = Int32)], CommandType='Text', CommandTimeout='30']
      SELECT TOP(1) [j].[Id], [j].[ClosedAt], [j].[CreatedAt], [j].[DepartmentId], [j].[Description], [j].[Requirements], [j].[Status], [j].[Title], [d].[Id], [d].[CreatedAt], [d].[Description], [d].[HeadId], [d].[IsDeleted], [d].[Name]
      FROM [JobRequisitions] AS [j]
      LEFT JOIN [Departments] AS [d] ON [j].[DepartmentId] = [d].[Id]
      WHERE [j].[Id] = @id AND [j].[Status] = N'Open'
info: Microsoft.EntityFrameworkCore.Database.Command[20101]
      Executed DbCommand (21ms) [Parameters=[@id='?' (DbType = Int32)], CommandType='Text', CommandTimeout='30']
      SELECT TOP(1) [j].[Id], [j].[ClosedAt], [j].[CreatedAt], [j].[DepartmentId], [j].[Description], [j].[Requirements], [j].[Status], [j].[Title], [d].[Id], [d].[CreatedAt], [d].[Description], [d].[HeadId], [d].[IsDeleted], [d].[Name]
      FROM [JobRequisitions] AS [j]
      LEFT JOIN [Departments] AS [d] ON [j].[DepartmentId] = [d].[Id]
      WHERE [j].[Id] = @id AND [j].[Status] = N'Open'
info: Microsoft.EntityFrameworkCore.Database.Command[20101]
      Executed DbCommand (8ms) [Parameters=[@id='?' (DbType = Int32)], CommandType='Text', CommandTimeout='30']
      SELECT TOP(1) [j].[Id], [j].[ClosedAt], [j].[CreatedAt], [j].[DepartmentId], [j].[Description], [j].[Requirements], [j].[Status], [j].[Title], [d].[Id], [d].[CreatedAt], [d].[Description], [d].[HeadId], [d].[IsDeleted], [d].[Name]
      FROM [JobRequisitions] AS [j]
      LEFT JOIN [Departments] AS [d] ON [j].[DepartmentId] = [d].[Id]
      WHERE [j].[Id] = @id AND [j].[Status] = N'Open'
